<?xml version="1.0" encoding="UTF-8"?>
<testsuite name="com.joango.BookingServiceIntegrationTest" tests="21" skipped="0" failures="0" errors="0" timestamp="2023-02-15T19:49:04" hostname="Jorges-MacBook-Air.local" time="0.276">
  <properties/>
  <testcase name="Should throw exception when event not found by Id" classname="com.joango.BookingServiceIntegrationTest" time="0.094"/>
  <testcase name="Should get a list of users by Name" classname="com.joango.BookingServiceIntegrationTest" time="0.065"/>
  <testcase name="Should delete an event" classname="com.joango.BookingServiceIntegrationTest" time="0.016"/>
  <testcase name="Should get a user by Email" classname="com.joango.BookingServiceIntegrationTest" time="0.004"/>
  <testcase name="Should update an event" classname="com.joango.BookingServiceIntegrationTest" time="0.009"/>
  <testcase name="Should create a new event" classname="com.joango.BookingServiceIntegrationTest" time="0.008"/>
  <testcase name="Should update a user" classname="com.joango.BookingServiceIntegrationTest" time="0.007"/>
  <testcase name="Should get a list of tickets by event" classname="com.joango.BookingServiceIntegrationTest" time="0.009"/>
  <testcase name="Should get an event by Id" classname="com.joango.BookingServiceIntegrationTest" time="0.002"/>
  <testcase name="Should get a list of event by day" classname="com.joango.BookingServiceIntegrationTest" time="0.004"/>
  <testcase name="Should book a ticket for a user with enough balance" classname="com.joango.BookingServiceIntegrationTest" time="0.016"/>
  <testcase name="Should throw exception when ticket not found by Id" classname="com.joango.BookingServiceIntegrationTest" time="0.002"/>
  <testcase name="Should throw exception when user not found by email" classname="com.joango.BookingServiceIntegrationTest" time="0.003"/>
  <testcase name="Should create a new user" classname="com.joango.BookingServiceIntegrationTest" time="0.002"/>
  <testcase name="Should book a ticket for a user with enough balance" classname="com.joango.BookingServiceIntegrationTest" time="0.003"/>
  <testcase name="Should throw exception when user not found by Id" classname="com.joango.BookingServiceIntegrationTest" time="0.002"/>
  <testcase name="Should get a list of event by title" classname="com.joango.BookingServiceIntegrationTest" time="0.005"/>
  <testcase name="Should delete a user" classname="com.joango.BookingServiceIntegrationTest" time="0.006"/>
  <testcase name="Should get ticket by Id" classname="com.joango.BookingServiceIntegrationTest" time="0.003"/>
  <testcase name="Should get a user by Id" classname="com.joango.BookingServiceIntegrationTest" time="0.004"/>
  <testcase name="Should get a list of tickets by user" classname="com.joango.BookingServiceIntegrationTest" time="0.004"/>
  <system-out><![CDATA[14:49:02.716 [Test worker] DEBUG org.springframework.boot.test.context.SpringBootTestContextBootstrapper - Found explicit ContextLoader class [AnnotationConfigContextLoader] for test class [BookingServiceIntegrationTest]
14:49:02.717 [Test worker] INFO org.springframework.test.context.support.AnnotationConfigContextLoaderUtils - Could not detect default configuration classes for test class [com.joango.BookingServiceIntegrationTest]: BookingServiceIntegrationTest does not declare any static, non-private, non-final, nested classes annotated with @Configuration.
14:49:02.728 [Test worker] DEBUG org.springframework.boot.test.context.SpringBootTestContextBootstrapper - Using ContextCustomizers for test class [BookingServiceIntegrationTest]: [DisableObservabilityContextCustomizer, PropertyMappingContextCustomizer, Customizer, ExcludeFilterContextCustomizer, DuplicateJsonObjectContextCustomizer, MockitoContextCustomizer, TestRestTemplateContextCustomizer]
14:49:02.758 [Test worker] DEBUG org.springframework.context.annotation.ClassPathScanningCandidateComponentProvider - Identified candidate component class: file [/Users/joango/Dev/JavaMentoringExercises/src/main/java/spring/core/build/classes/java/main/com/joango/Application.class]
14:49:02.758 [Test worker] INFO org.springframework.boot.test.context.SpringBootTestContextBootstrapper - Found @SpringBootConfiguration com.joango.Application for test class com.joango.BookingServiceIntegrationTest
14:49:02.804 [Test worker] DEBUG org.springframework.boot.test.context.SpringBootTestContextBootstrapper - Using TestExecutionListeners for test class [BookingServiceIntegrationTest]: [ServletTestExecutionListener, DirtiesContextBeforeModesTestExecutionListener, ApplicationEventsTestExecutionListener, MockitoTestExecutionListener, DependencyInjectionTestExecutionListener, DirtiesContextTestExecutionListener, TransactionalTestExecutionListener, SqlScriptsTestExecutionListener, EventPublishingTestExecutionListener, RestDocsTestExecutionListener, MockRestServiceServerResetTestExecutionListener, MockMvcPrintOnlyOnFailureTestExecutionListener, WebDriverTestExecutionListener, MockWebServiceServerTestExecutionListener, ResetMocksTestExecutionListener]
14:49:02.805 [Test worker] DEBUG org.springframework.test.context.support.AbstractDirtiesContextTestExecutionListener - Before test class: class [BookingServiceIntegrationTest], class annotated with @DirtiesContext [false] with mode [null]
14:49:02.807 [Test worker] DEBUG org.springframework.test.context.support.AbstractGenericContextLoader - Loading ApplicationContext for test class com.joango.BookingServiceIntegrationTest
14:49:02.818 [Test worker] DEBUG org.springframework.core.env.StandardEnvironment - Activating profiles []
14:49:02.819 [Test worker] DEBUG org.springframework.test.context.support.AnnotationConfigContextLoader - Registering component classes: [com.joango.Application]
14:49:02.832 [Test worker] DEBUG org.springframework.context.support.GenericApplicationContext - Refreshing org.springframework.context.support.GenericApplicationContext@2ec99035
14:49:02.834 [Test worker] DEBUG org.springframework.beans.factory.support.DefaultListableBeanFactory - Creating shared instance of singleton bean 'org.springframework.context.annotation.internalConfigurationAnnotationProcessor'
14:49:02.855 [Test worker] DEBUG org.springframework.context.annotation.ClassPathBeanDefinitionScanner - Identified candidate component class: file [/Users/joango/Dev/JavaMentoringExercises/src/main/java/spring/core/build/classes/java/main/com/joango/controller/EventController.class]
14:49:02.857 [Test worker] DEBUG org.springframework.context.annotation.ClassPathBeanDefinitionScanner - Identified candidate component class: file [/Users/joango/Dev/JavaMentoringExercises/src/main/java/spring/core/build/classes/java/main/com/joango/controller/ExceptionController.class]
14:49:02.858 [Test worker] DEBUG org.springframework.context.annotation.ClassPathBeanDefinitionScanner - Identified candidate component class: file [/Users/joango/Dev/JavaMentoringExercises/src/main/java/spring/core/build/classes/java/main/com/joango/controller/PDFController.class]
14:49:02.858 [Test worker] DEBUG org.springframework.context.annotation.ClassPathBeanDefinitionScanner - Identified candidate component class: file [/Users/joango/Dev/JavaMentoringExercises/src/main/java/spring/core/build/classes/java/main/com/joango/controller/TicketController.class]
14:49:02.859 [Test worker] DEBUG org.springframework.context.annotation.ClassPathBeanDefinitionScanner - Identified candidate component class: file [/Users/joango/Dev/JavaMentoringExercises/src/main/java/spring/core/build/classes/java/main/com/joango/controller/UserController.class]
14:49:02.861 [Test worker] DEBUG org.springframework.context.annotation.ClassPathBeanDefinitionScanner - Identified candidate component class: file [/Users/joango/Dev/JavaMentoringExercises/src/main/java/spring/core/build/classes/java/main/com/joango/facade/BookingFacadeImpl.class]
14:49:02.861 [Test worker] DEBUG org.springframework.context.annotation.ClassPathBeanDefinitionScanner - Identified candidate component class: file [/Users/joango/Dev/JavaMentoringExercises/src/main/java/spring/core/build/classes/java/main/com/joango/facade/UserAccountFacadeImpl.class]
14:49:02.864 [Test worker] DEBUG org.springframework.context.annotation.ClassPathBeanDefinitionScanner - Ignored because not a concrete top-level class: file [/Users/joango/Dev/JavaMentoringExercises/src/main/java/spring/core/build/classes/java/main/com/joango/repository/EventRepository.class]
14:49:02.864 [Test worker] DEBUG org.springframework.context.annotation.ClassPathBeanDefinitionScanner - Ignored because not a concrete top-level class: file [/Users/joango/Dev/JavaMentoringExercises/src/main/java/spring/core/build/classes/java/main/com/joango/repository/TicketRepository.class]
14:49:02.864 [Test worker] DEBUG org.springframework.context.annotation.ClassPathBeanDefinitionScanner - Ignored because not a concrete top-level class: file [/Users/joango/Dev/JavaMentoringExercises/src/main/java/spring/core/build/classes/java/main/com/joango/repository/UserRepository.class]
14:49:02.864 [Test worker] DEBUG org.springframework.context.annotation.ClassPathBeanDefinitionScanner - Identified candidate component class: file [/Users/joango/Dev/JavaMentoringExercises/src/main/java/spring/core/build/classes/java/main/com/joango/service/EventService.class]
14:49:02.865 [Test worker] DEBUG org.springframework.context.annotation.ClassPathBeanDefinitionScanner - Identified candidate component class: file [/Users/joango/Dev/JavaMentoringExercises/src/main/java/spring/core/build/classes/java/main/com/joango/service/TicketService.class]
14:49:02.865 [Test worker] DEBUG org.springframework.context.annotation.ClassPathBeanDefinitionScanner - Identified candidate component class: file [/Users/joango/Dev/JavaMentoringExercises/src/main/java/spring/core/build/classes/java/main/com/joango/service/UserAccountService.class]
14:49:02.865 [Test worker] DEBUG org.springframework.context.annotation.ClassPathBeanDefinitionScanner - Identified candidate component class: file [/Users/joango/Dev/JavaMentoringExercises/src/main/java/spring/core/build/classes/java/main/com/joango/service/UserService.class]
14:49:02.943 [Test worker] DEBUG org.springframework.core.env.PropertySourcesPropertyResolver - Found key 'spring.datasource.url' in PropertySource 'configurationProperties' with value of type String
14:49:03.040 [Test worker] INFO org.springframework.data.repository.config.RepositoryConfigurationDelegate - Bootstrapping Spring Data JPA repositories in DEFAULT mode.
14:49:03.043 [Test worker] DEBUG org.springframework.beans.factory.support.DefaultListableBeanFactory - Creating shared instance of singleton bean 'org.springframework.boot.autoconfigure.AutoConfigurationPackages'
14:49:03.046 [Test worker] DEBUG org.springframework.boot.autoconfigure.AutoConfigurationPackages - @EnableAutoConfiguration was declared on a class in the package 'com.joango'. Automatic @Repository and @Entity scanning is enabled.
14:49:03.046 [Test worker] DEBUG org.springframework.data.repository.config.RepositoryConfigurationDelegate - Scanning for JPA repositories in packages com.joango.
14:49:03.051 [Test worker] DEBUG org.springframework.data.repository.config.RepositoryComponentProvider - Identified candidate component class: file [/Users/joango/Dev/JavaMentoringExercises/src/main/java/spring/core/build/classes/java/main/com/joango/repository/EventRepository.class]
14:49:03.051 [Test worker] DEBUG org.springframework.data.repository.config.RepositoryComponentProvider - Identified candidate component class: file [/Users/joango/Dev/JavaMentoringExercises/src/main/java/spring/core/build/classes/java/main/com/joango/repository/TicketRepository.class]
14:49:03.051 [Test worker] DEBUG org.springframework.data.repository.config.RepositoryComponentProvider - Identified candidate component class: file [/Users/joango/Dev/JavaMentoringExercises/src/main/java/spring/core/build/classes/java/main/com/joango/repository/UserAccountRepository.class]
14:49:03.051 [Test worker] DEBUG org.springframework.data.repository.config.RepositoryComponentProvider - Identified candidate component class: file [/Users/joango/Dev/JavaMentoringExercises/src/main/java/spring/core/build/classes/java/main/com/joango/repository/UserRepository.class]
14:49:03.066 [Test worker] DEBUG org.springframework.context.annotation.ClassPathScanningCandidateComponentProvider - Identified candidate component class: file [/Users/joango/Dev/JavaMentoringExercises/src/main/java/spring/core/build/classes/java/main/com/joango/facade/BookingFacadeImpl.class]
14:49:03.066 [Test worker] DEBUG org.springframework.context.annotation.ClassPathScanningCandidateComponentProvider - Identified candidate component class: file [/Users/joango/Dev/JavaMentoringExercises/src/main/java/spring/core/build/classes/java/main/com/joango/facade/UserAccountFacadeImpl.class]
14:49:03.077 [Test worker] INFO org.springframework.data.repository.config.RepositoryConfigurationDelegate - Finished Spring Data repository scanning in 30 ms. Found 4 JPA repository interfaces.
14:49:03.146 [Test worker] DEBUG org.springframework.beans.factory.support.DefaultListableBeanFactory - Creating shared instance of singleton bean 'propertySourcesPlaceholderConfigurer'
14:49:03.147 [Test worker] DEBUG org.springframework.beans.factory.support.DefaultListableBeanFactory - Creating shared instance of singleton bean 'org.springframework.boot.test.mock.mockito.MockitoPostProcessor'
14:49:03.148 [Test worker] DEBUG org.springframework.beans.factory.support.DefaultListableBeanFactory - Creating shared instance of singleton bean 'emBeanDefinitionRegistrarPostProcessor'
14:49:03.148 [Test worker] DEBUG org.springframework.beans.factory.support.DefaultListableBeanFactory - Creating shared instance of singleton bean 'org.springframework.boot.sql.init.dependency.DatabaseInitializationDependencyConfigurer$DependsOnDatabaseInitializationPostProcessor'
14:49:03.151 [Test worker] DEBUG org.springframework.core.env.PropertySourcesPropertyResolver - Found key 'spring.jpa.defer-datasource-initialization' in PropertySource 'configurationProperties' with value of type String
14:49:03.160 [Test worker] DEBUG org.springframework.core.env.PropertySourcesPropertyResolver - Found key 'spring.jpa.defer-datasource-initialization' in PropertySource 'configurationProperties' with value of type String
14:49:03.164 [Test worker] DEBUG org.springframework.beans.factory.support.DefaultListableBeanFactory - Creating shared instance of singleton bean 'org.springframework.context.event.internalEventListenerProcessor'
14:49:03.165 [Test worker] DEBUG org.springframework.beans.factory.support.DefaultListableBeanFactory - Creating shared instance of singleton bean 'org.springframework.context.event.internalEventListenerFactory'
14:49:03.165 [Test worker] DEBUG org.springframework.beans.factory.support.DefaultListableBeanFactory - Creating shared instance of singleton bean 'org.springframework.transaction.config.internalTransactionalEventListenerFactory'
14:49:03.166 [Test worker] DEBUG org.springframework.beans.factory.support.DefaultListableBeanFactory - Creating shared instance of singleton bean 'org.springframework.context.annotation.internalAutowiredAnnotationProcessor'
14:49:03.166 [Test worker] DEBUG org.springframework.beans.factory.support.DefaultListableBeanFactory - Creating shared instance of singleton bean 'org.springframework.context.annotation.internalCommonAnnotationProcessor'
14:49:03.167 [Test worker] DEBUG org.springframework.beans.factory.support.DefaultListableBeanFactory - Creating shared instance of singleton bean 'org.springframework.context.annotation.internalPersistenceAnnotationProcessor'
14:49:03.168 [Test worker] DEBUG org.springframework.beans.factory.support.DefaultListableBeanFactory - Creating shared instance of singleton bean 'org.springframework.boot.test.mock.mockito.MockitoPostProcessor$SpyPostProcessor'
14:49:03.168 [Test worker] DEBUG org.springframework.beans.factory.support.DefaultListableBeanFactory - Creating shared instance of singleton bean 'org.springframework.boot.context.properties.ConfigurationPropertiesBindingPostProcessor'
14:49:03.168 [Test worker] DEBUG org.springframework.beans.factory.support.DefaultListableBeanFactory - Creating shared instance of singleton bean 'org.springframework.boot.context.internalConfigurationPropertiesBinder'
14:49:03.168 [Test worker] DEBUG org.springframework.beans.factory.support.DefaultListableBeanFactory - Creating shared instance of singleton bean 'org.springframework.boot.context.internalConfigurationPropertiesBinderFactory'
14:49:03.169 [Test worker] DEBUG org.springframework.beans.factory.support.DefaultListableBeanFactory - Creating shared instance of singleton bean 'org.springframework.aop.config.internalAutoProxyCreator'
14:49:03.179 [Test worker] DEBUG org.springframework.beans.factory.support.DefaultListableBeanFactory - Creating shared instance of singleton bean 'persistenceExceptionTranslationPostProcessor'
14:49:03.183 [Test worker] DEBUG org.springframework.beans.factory.support.DefaultListableBeanFactory - Autowiring by type from bean name 'persistenceExceptionTranslationPostProcessor' via factory method to bean named 'environment'
14:49:03.184 [Test worker] DEBUG org.springframework.beans.factory.support.DefaultListableBeanFactory - Creating shared instance of singleton bean 'org.springframework.kafka.config.internalKafkaListenerAnnotationProcessor'
14:49:03.190 [Test worker] DEBUG org.springframework.beans.factory.support.DefaultListableBeanFactory - Creating shared instance of singleton bean 'entityManagerFactory'
14:49:03.190 [Test worker] DEBUG org.springframework.beans.factory.support.DefaultListableBeanFactory - Creating shared instance of singleton bean 'org.springframework.transaction.config.internalTransactionAdvisor'
14:49:03.190 [Test worker] DEBUG org.springframework.beans.factory.support.DefaultListableBeanFactory - Creating shared instance of singleton bean 'org.springframework.transaction.annotation.ProxyTransactionManagementConfiguration'
14:49:03.195 [Test worker] DEBUG org.springframework.beans.factory.support.DefaultListableBeanFactory - Creating shared instance of singleton bean 'transactionAttributeSource'
14:49:03.195 [Test worker] DEBUG org.springframework.beans.factory.support.DefaultListableBeanFactory - Creating shared instance of singleton bean 'transactionInterceptor'
14:49:03.196 [Test worker] DEBUG org.springframework.beans.factory.support.DefaultListableBeanFactory - Autowiring by type from bean name 'transactionInterceptor' via factory method to bean named 'transactionAttributeSource'
14:49:03.199 [Test worker] DEBUG org.springframework.beans.factory.support.DefaultListableBeanFactory - Autowiring by type from bean name 'org.springframework.transaction.config.internalTransactionAdvisor' via factory method to bean named 'transactionAttributeSource'
14:49:03.199 [Test worker] DEBUG org.springframework.beans.factory.support.DefaultListableBeanFactory - Autowiring by type from bean name 'org.springframework.transaction.config.internalTransactionAdvisor' via factory method to bean named 'transactionInterceptor'
14:49:03.200 [Test worker] DEBUG org.springframework.beans.factory.support.DefaultListableBeanFactory - Creating shared instance of singleton bean 'org.springframework.boot.autoconfigure.orm.jpa.HibernateJpaConfiguration'
14:49:03.201 [Test worker] DEBUG org.springframework.beans.factory.support.DefaultListableBeanFactory - Creating shared instance of singleton bean 'dataSource'
14:49:03.201 [Test worker] DEBUG org.springframework.beans.factory.support.DefaultListableBeanFactory - Creating shared instance of singleton bean 'org.springframework.boot.autoconfigure.jdbc.DataSourceConfiguration$Hikari'
14:49:03.202 [Test worker] DEBUG org.springframework.beans.factory.support.DefaultListableBeanFactory - Creating shared instance of singleton bean 'spring.datasource-org.springframework.boot.autoconfigure.jdbc.DataSourceProperties'
14:49:03.202 [Test worker] DEBUG org.springframework.beans.factory.support.DefaultListableBeanFactory - Creating shared instance of singleton bean 'org.springframework.boot.context.properties.BoundConfigurationProperties'
14:49:03.213 [Test worker] DEBUG org.springframework.beans.factory.support.DefaultListableBeanFactory - Autowiring by type from bean name 'dataSource' via factory method to bean named 'spring.datasource-org.springframework.boot.autoconfigure.jdbc.DataSourceProperties'
14:49:03.214 [Test worker] DEBUG com.zaxxer.hikari.HikariConfig - Driver class org.h2.Driver found in Thread context class loader jdk.internal.loader.ClassLoaders$AppClassLoader@42110406
14:49:03.225 [Test worker] DEBUG org.springframework.beans.factory.support.DefaultListableBeanFactory - Creating shared instance of singleton bean 'spring.jpa-org.springframework.boot.autoconfigure.orm.jpa.JpaProperties'
14:49:03.228 [Test worker] DEBUG org.springframework.beans.factory.support.DefaultListableBeanFactory - Creating shared instance of singleton bean 'spring.jpa.hibernate-org.springframework.boot.autoconfigure.orm.jpa.HibernateProperties'
14:49:03.228 [Test worker] DEBUG org.springframework.beans.factory.support.DefaultListableBeanFactory - Autowiring by type from bean name 'org.springframework.boot.autoconfigure.orm.jpa.HibernateJpaConfiguration' via constructor to bean named 'dataSource'
14:49:03.228 [Test worker] DEBUG org.springframework.beans.factory.support.DefaultListableBeanFactory - Autowiring by type from bean name 'org.springframework.boot.autoconfigure.orm.jpa.HibernateJpaConfiguration' via constructor to bean named 'spring.jpa-org.springframework.boot.autoconfigure.orm.jpa.JpaProperties'
14:49:03.228 [Test worker] DEBUG org.springframework.beans.factory.support.DefaultListableBeanFactory - Autowiring by type from bean name 'org.springframework.boot.autoconfigure.orm.jpa.HibernateJpaConfiguration' via constructor to bean named 'org.springframework.beans.factory.support.DefaultListableBeanFactory@62aeddc8'
14:49:03.229 [Test worker] DEBUG org.springframework.beans.factory.support.DefaultListableBeanFactory - Autowiring by type from bean name 'org.springframework.boot.autoconfigure.orm.jpa.HibernateJpaConfiguration' via constructor to bean named 'spring.jpa.hibernate-org.springframework.boot.autoconfigure.orm.jpa.HibernateProperties'
14:49:03.229 [Test worker] DEBUG org.springframework.beans.factory.support.DefaultListableBeanFactory - Creating shared instance of singleton bean 'hikariPoolDataSourceMetadataProvider'
14:49:03.229 [Test worker] DEBUG org.springframework.beans.factory.support.DefaultListableBeanFactory - Creating shared instance of singleton bean 'org.springframework.boot.autoconfigure.jdbc.metadata.DataSourcePoolMetadataProvidersConfiguration$HikariPoolDataSourceMetadataProviderConfiguration'
14:49:03.232 [Test worker] DEBUG org.springframework.beans.factory.support.DefaultListableBeanFactory - Creating shared instance of singleton bean 'entityManagerFactoryBuilder'
14:49:03.232 [Test worker] DEBUG org.springframework.beans.factory.support.DefaultListableBeanFactory - Creating shared instance of singleton bean 'jpaVendorAdapter'
14:49:03.252 [Test worker] DEBUG org.jboss.logging - Logging Provider: org.jboss.logging.Log4j2LoggerProvider
14:49:03.254 [Test worker] DEBUG org.springframework.beans.factory.support.DefaultListableBeanFactory - Autowiring by type from bean name 'entityManagerFactoryBuilder' via factory method to bean named 'jpaVendorAdapter'
14:49:03.255 [Test worker] DEBUG org.springframework.beans.factory.support.DefaultListableBeanFactory - Creating shared instance of singleton bean 'persistenceManagedTypes'
14:49:03.255 [Test worker] DEBUG org.springframework.beans.factory.support.DefaultListableBeanFactory - Autowiring by type from bean name 'persistenceManagedTypes' via factory method to bean named 'org.springframework.beans.factory.support.DefaultListableBeanFactory@62aeddc8'
14:49:03.255 [Test worker] DEBUG org.springframework.beans.factory.support.DefaultListableBeanFactory - Autowiring by type from bean name 'persistenceManagedTypes' via factory method to bean named 'org.springframework.context.support.GenericApplicationContext@2ec99035'
14:49:03.259 [Test worker] DEBUG org.springframework.beans.factory.support.DefaultListableBeanFactory - Autowiring by type from bean name 'entityManagerFactory' via factory method to bean named 'entityManagerFactoryBuilder'
14:49:03.259 [Test worker] DEBUG org.springframework.beans.factory.support.DefaultListableBeanFactory - Autowiring by type from bean name 'entityManagerFactory' via factory method to bean named 'persistenceManagedTypes'
14:49:03.265 [Test worker] DEBUG org.springframework.orm.jpa.LocalContainerEntityManagerFactoryBean - Building JPA container EntityManagerFactory for persistence unit 'default'
14:49:03.273 [Test worker] DEBUG org.hibernate.jpa.internal.util.LogHelper - PersistenceUnitInfo [
	name: default
	persistence provider classname: null
	classloader: jdk.internal.loader.ClassLoaders$AppClassLoader@42110406
	excludeUnlistedClasses: true
	JTA datasource: null
	Non JTA datasource: HikariDataSource (null)
	Transaction type: RESOURCE_LOCAL
	PU root URL: file:/Users/joango/Dev/JavaMentoringExercises/src/main/java/spring/core/build/classes/java/test/
	Shared Cache Mode: UNSPECIFIED
	Validation Mode: AUTO
	Jar files URLs []
	Managed classes names [
		com.joango.model.Event
		com.joango.model.Ticket
		com.joango.model.User
		com.joango.model.UserAccount]
	Mapping files names []
	Properties []
14:49:03.277 [Test worker] DEBUG org.hibernate.integrator.internal.IntegratorServiceImpl - Adding Integrator [org.hibernate.cfg.beanvalidation.BeanValidationIntegrator].
14:49:03.278 [Test worker] DEBUG org.hibernate.integrator.internal.IntegratorServiceImpl - Adding Integrator [org.hibernate.cache.internal.CollectionCacheInvalidator].
14:49:03.296 [Test worker] INFO org.hibernate.Version - HHH000412: Hibernate ORM core version 6.1.6.Final
14:49:03.296 [Test worker] DEBUG org.hibernate.cfg.Environment - HHH000206: hibernate.properties not found
14:49:03.366 [Test worker] DEBUG org.hibernate.orm.idgen.factory - Registering IdentifierGenerator strategy [uuid2] -> [org.hibernate.id.UUIDGenerator]
14:49:03.366 [Test worker] DEBUG org.hibernate.orm.idgen.factory - Registering IdentifierGenerator strategy [guid] -> [org.hibernate.id.GUIDGenerator]
14:49:03.367 [Test worker] DEBUG org.hibernate.orm.idgen.factory - Registering IdentifierGenerator strategy [uuid] -> [org.hibernate.id.UUIDHexGenerator]
14:49:03.367 [Test worker] DEBUG org.hibernate.orm.idgen.factory - Registering IdentifierGenerator strategy [uuid.hex] -> [org.hibernate.id.UUIDHexGenerator]
14:49:03.367 [Test worker] DEBUG org.hibernate.orm.idgen.factory - Registering IdentifierGenerator strategy [assigned] -> [org.hibernate.id.Assigned]
14:49:03.367 [Test worker] DEBUG org.hibernate.orm.idgen.factory - Registering IdentifierGenerator strategy [identity] -> [org.hibernate.id.IdentityGenerator]
14:49:03.367 [Test worker] DEBUG org.hibernate.orm.idgen.factory - Registering IdentifierGenerator strategy [select] -> [org.hibernate.id.SelectGenerator]
14:49:03.368 [Test worker] DEBUG org.hibernate.orm.idgen.factory - Registering IdentifierGenerator strategy [sequence] -> [org.hibernate.id.enhanced.SequenceStyleGenerator]
14:49:03.368 [Test worker] DEBUG org.hibernate.orm.idgen.factory - Registering IdentifierGenerator strategy [increment] -> [org.hibernate.id.IncrementGenerator]
14:49:03.368 [Test worker] DEBUG org.hibernate.orm.idgen.factory - Registering IdentifierGenerator strategy [foreign] -> [org.hibernate.id.ForeignGenerator]
14:49:03.368 [Test worker] DEBUG org.hibernate.orm.idgen.factory - Registering IdentifierGenerator strategy [enhanced-sequence] -> [org.hibernate.id.enhanced.SequenceStyleGenerator]
14:49:03.368 [Test worker] DEBUG org.hibernate.orm.idgen.factory - Registering IdentifierGenerator strategy [enhanced-table] -> [org.hibernate.id.enhanced.TableGenerator]
14:49:03.370 [Test worker] WARN org.hibernate.orm.deprecation - HHH90000021: Encountered deprecated setting [javax.persistence.sharedCache.mode], use [jakarta.persistence.sharedCache.mode] instead
14:49:03.370 [Test worker] DEBUG org.hibernate.cache.internal.RegionFactoryInitiator - Cannot default RegionFactory based on registered strategies as `[]` RegionFactory strategies were registered
14:49:03.371 [Test worker] DEBUG org.hibernate.cache.internal.RegionFactoryInitiator - Cache region factory : org.hibernate.cache.internal.NoCachingRegionFactory
14:49:03.395 [Test worker] DEBUG org.hibernate.type.descriptor.jdbc.spi.JdbcTypeRegistry - addDescriptor(FloatTypeDescriptor) replaced previous registration(DoubleTypeDescriptor)
14:49:03.400 [Test worker] DEBUG org.hibernate.type.BasicTypeRegistry - Adding type registration boolean -> org.hibernate.type.BasicTypeReference@1fca53a7
14:49:03.400 [Test worker] DEBUG org.hibernate.type.BasicTypeRegistry - Adding type registration boolean -> org.hibernate.type.BasicTypeReference@1fca53a7
14:49:03.400 [Test worker] DEBUG org.hibernate.type.BasicTypeRegistry - Adding type registration java.lang.Boolean -> org.hibernate.type.BasicTypeReference@1fca53a7
14:49:03.400 [Test worker] DEBUG org.hibernate.type.BasicTypeRegistry - Adding type registration numeric_boolean -> org.hibernate.type.BasicTypeReference@40dee07b
14:49:03.400 [Test worker] DEBUG org.hibernate.type.BasicTypeRegistry - Adding type registration org.hibernate.type.NumericBooleanConverter -> org.hibernate.type.BasicTypeReference@40dee07b
14:49:03.400 [Test worker] DEBUG org.hibernate.type.BasicTypeRegistry - Adding type registration true_false -> org.hibernate.type.BasicTypeReference@21e39b82
14:49:03.400 [Test worker] DEBUG org.hibernate.type.BasicTypeRegistry - Adding type registration org.hibernate.type.TrueFalseConverter -> org.hibernate.type.BasicTypeReference@21e39b82
14:49:03.400 [Test worker] DEBUG org.hibernate.type.BasicTypeRegistry - Adding type registration yes_no -> org.hibernate.type.BasicTypeReference@5f9a8ddc
14:49:03.400 [Test worker] DEBUG org.hibernate.type.BasicTypeRegistry - Adding type registration org.hibernate.type.YesNoConverter -> org.hibernate.type.BasicTypeReference@5f9a8ddc
14:49:03.400 [Test worker] DEBUG org.hibernate.type.BasicTypeRegistry - Adding type registration byte -> org.hibernate.type.BasicTypeReference@1280bae3
14:49:03.400 [Test worker] DEBUG org.hibernate.type.BasicTypeRegistry - Adding type registration byte -> org.hibernate.type.BasicTypeReference@1280bae3
14:49:03.400 [Test worker] DEBUG org.hibernate.type.BasicTypeRegistry - Adding type registration java.lang.Byte -> org.hibernate.type.BasicTypeReference@1280bae3
14:49:03.400 [Test worker] DEBUG org.hibernate.type.BasicTypeRegistry - Adding type registration binary -> org.hibernate.type.BasicTypeReference@256a5df0
14:49:03.400 [Test worker] DEBUG org.hibernate.type.BasicTypeRegistry - Adding type registration byte[] -> org.hibernate.type.BasicTypeReference@256a5df0
14:49:03.400 [Test worker] DEBUG org.hibernate.type.BasicTypeRegistry - Adding type registration [B -> org.hibernate.type.BasicTypeReference@256a5df0
14:49:03.400 [Test worker] DEBUG org.hibernate.type.BasicTypeRegistry - Adding type registration binary_wrapper -> org.hibernate.type.BasicTypeReference@1868ed54
14:49:03.400 [Test worker] DEBUG org.hibernate.type.BasicTypeRegistry - Adding type registration wrapper-binary -> org.hibernate.type.BasicTypeReference@1868ed54
14:49:03.400 [Test worker] DEBUG org.hibernate.type.BasicTypeRegistry - Adding type registration Byte[] -> org.hibernate.type.BasicTypeReference@1868ed54
14:49:03.400 [Test worker] DEBUG org.hibernate.type.BasicTypeRegistry - Adding type registration [Ljava.lang.Byte; -> org.hibernate.type.BasicTypeReference@1868ed54
14:49:03.400 [Test worker] DEBUG org.hibernate.type.BasicTypeRegistry - Adding type registration image -> org.hibernate.type.BasicTypeReference@131777e8
14:49:03.400 [Test worker] DEBUG org.hibernate.type.BasicTypeRegistry - Adding type registration blob -> org.hibernate.type.BasicTypeReference@45790cb
14:49:03.400 [Test worker] DEBUG org.hibernate.type.BasicTypeRegistry - Adding type registration java.sql.Blob -> org.hibernate.type.BasicTypeReference@45790cb
14:49:03.400 [Test worker] DEBUG org.hibernate.type.BasicTypeRegistry - Adding type registration materialized_blob -> org.hibernate.type.BasicTypeReference@73a5d86c
14:49:03.400 [Test worker] DEBUG org.hibernate.type.BasicTypeRegistry - Adding type registration materialized_blob_wrapper -> org.hibernate.type.BasicTypeReference@2cf88901
14:49:03.400 [Test worker] DEBUG org.hibernate.type.BasicTypeRegistry - Adding type registration short -> org.hibernate.type.BasicTypeReference@4780341
14:49:03.400 [Test worker] DEBUG org.hibernate.type.BasicTypeRegistry - Adding type registration short -> org.hibernate.type.BasicTypeReference@4780341
14:49:03.400 [Test worker] DEBUG org.hibernate.type.BasicTypeRegistry - Adding type registration java.lang.Short -> org.hibernate.type.BasicTypeReference@4780341
14:49:03.400 [Test worker] DEBUG org.hibernate.type.BasicTypeRegistry - Adding type registration integer -> org.hibernate.type.BasicTypeReference@3c910acd
14:49:03.400 [Test worker] DEBUG org.hibernate.type.BasicTypeRegistry - Adding type registration int -> org.hibernate.type.BasicTypeReference@3c910acd
14:49:03.400 [Test worker] DEBUG org.hibernate.type.BasicTypeRegistry - Adding type registration java.lang.Integer -> org.hibernate.type.BasicTypeReference@3c910acd
14:49:03.400 [Test worker] DEBUG org.hibernate.type.BasicTypeRegistry - Adding type registration long -> org.hibernate.type.BasicTypeReference@612ac38b
14:49:03.400 [Test worker] DEBUG org.hibernate.type.BasicTypeRegistry - Adding type registration long -> org.hibernate.type.BasicTypeReference@612ac38b
14:49:03.400 [Test worker] DEBUG org.hibernate.type.BasicTypeRegistry - Adding type registration java.lang.Long -> org.hibernate.type.BasicTypeReference@612ac38b
14:49:03.400 [Test worker] DEBUG org.hibernate.type.BasicTypeRegistry - Adding type registration float -> org.hibernate.type.BasicTypeReference@9f2fe2e
14:49:03.400 [Test worker] DEBUG org.hibernate.type.BasicTypeRegistry - Adding type registration float -> org.hibernate.type.BasicTypeReference@9f2fe2e
14:49:03.400 [Test worker] DEBUG org.hibernate.type.BasicTypeRegistry - Adding type registration java.lang.Float -> org.hibernate.type.BasicTypeReference@9f2fe2e
14:49:03.400 [Test worker] DEBUG org.hibernate.type.BasicTypeRegistry - Adding type registration double -> org.hibernate.type.BasicTypeReference@4dd4965a
14:49:03.400 [Test worker] DEBUG org.hibernate.type.BasicTypeRegistry - Adding type registration double -> org.hibernate.type.BasicTypeReference@4dd4965a
14:49:03.400 [Test worker] DEBUG org.hibernate.type.BasicTypeRegistry - Adding type registration java.lang.Double -> org.hibernate.type.BasicTypeReference@4dd4965a
14:49:03.400 [Test worker] DEBUG org.hibernate.type.BasicTypeRegistry - Adding type registration big_integer -> org.hibernate.type.BasicTypeReference@79273a4f
14:49:03.400 [Test worker] DEBUG org.hibernate.type.BasicTypeRegistry - Adding type registration java.math.BigInteger -> org.hibernate.type.BasicTypeReference@79273a4f
14:49:03.400 [Test worker] DEBUG org.hibernate.type.BasicTypeRegistry - Adding type registration big_decimal -> org.hibernate.type.BasicTypeReference@4e26987b
14:49:03.400 [Test worker] DEBUG org.hibernate.type.BasicTypeRegistry - Adding type registration java.math.BigDecimal -> org.hibernate.type.BasicTypeReference@4e26987b
14:49:03.400 [Test worker] DEBUG org.hibernate.type.BasicTypeRegistry - Adding type registration character -> org.hibernate.type.BasicTypeReference@50bb1c1f
14:49:03.400 [Test worker] DEBUG org.hibernate.type.BasicTypeRegistry - Adding type registration char -> org.hibernate.type.BasicTypeReference@50bb1c1f
14:49:03.400 [Test worker] DEBUG org.hibernate.type.BasicTypeRegistry - Adding type registration java.lang.Character -> org.hibernate.type.BasicTypeReference@50bb1c1f
14:49:03.400 [Test worker] DEBUG org.hibernate.type.BasicTypeRegistry - Adding type registration character_nchar -> org.hibernate.type.BasicTypeReference@39342614
14:49:03.400 [Test worker] DEBUG org.hibernate.type.BasicTypeRegistry - Adding type registration string -> org.hibernate.type.BasicTypeReference@7981963f
14:49:03.400 [Test worker] DEBUG org.hibernate.type.BasicTypeRegistry - Adding type registration java.lang.String -> org.hibernate.type.BasicTypeReference@7981963f
14:49:03.400 [Test worker] DEBUG org.hibernate.type.BasicTypeRegistry - Adding type registration nstring -> org.hibernate.type.BasicTypeReference@31e3c34
14:49:03.400 [Test worker] DEBUG org.hibernate.type.BasicTypeRegistry - Adding type registration characters -> org.hibernate.type.BasicTypeReference@b4d83ac
14:49:03.400 [Test worker] DEBUG org.hibernate.type.BasicTypeRegistry - Adding type registration char[] -> org.hibernate.type.BasicTypeReference@b4d83ac
14:49:03.400 [Test worker] DEBUG org.hibernate.type.BasicTypeRegistry - Adding type registration [C -> org.hibernate.type.BasicTypeReference@b4d83ac
14:49:03.400 [Test worker] DEBUG org.hibernate.type.BasicTypeRegistry - Adding type registration wrapper-characters -> org.hibernate.type.BasicTypeReference@13d10057
14:49:03.400 [Test worker] DEBUG org.hibernate.type.BasicTypeRegistry - Adding type registration [Ljava.lang.Character; -> org.hibernate.type.BasicTypeReference@13d10057
14:49:03.400 [Test worker] DEBUG org.hibernate.type.BasicTypeRegistry - Adding type registration Character[] -> org.hibernate.type.BasicTypeReference@13d10057
14:49:03.400 [Test worker] DEBUG org.hibernate.type.BasicTypeRegistry - Adding type registration text -> org.hibernate.type.BasicTypeReference@66944c7c
14:49:03.400 [Test worker] DEBUG org.hibernate.type.BasicTypeRegistry - Adding type registration ntext -> org.hibernate.type.BasicTypeReference@14993306
14:49:03.400 [Test worker] DEBUG org.hibernate.type.BasicTypeRegistry - Adding type registration clob -> org.hibernate.type.BasicTypeReference@73ae82da
14:49:03.400 [Test worker] DEBUG org.hibernate.type.BasicTypeRegistry - Adding type registration java.sql.Clob -> org.hibernate.type.BasicTypeReference@73ae82da
14:49:03.400 [Test worker] DEBUG org.hibernate.type.BasicTypeRegistry - Adding type registration nclob -> org.hibernate.type.BasicTypeReference@6866e740
14:49:03.400 [Test worker] DEBUG org.hibernate.type.BasicTypeRegistry - Adding type registration java.sql.NClob -> org.hibernate.type.BasicTypeReference@6866e740
14:49:03.400 [Test worker] DEBUG org.hibernate.type.BasicTypeRegistry - Adding type registration materialized_clob -> org.hibernate.type.BasicTypeReference@2cd5b19c
14:49:03.400 [Test worker] DEBUG org.hibernate.type.BasicTypeRegistry - Adding type registration materialized_clob_char_array -> org.hibernate.type.BasicTypeReference@7109b603
14:49:03.400 [Test worker] DEBUG org.hibernate.type.BasicTypeRegistry - Adding type registration materialized_clob_character_array -> org.hibernate.type.BasicTypeReference@76b642aa
14:49:03.400 [Test worker] DEBUG org.hibernate.type.BasicTypeRegistry - Adding type registration materialized_nclob -> org.hibernate.type.BasicTypeReference@29b5e7db
14:49:03.400 [Test worker] DEBUG org.hibernate.type.BasicTypeRegistry - Adding type registration materialized_nclob_character_array -> org.hibernate.type.BasicTypeReference@286dfa20
14:49:03.401 [Test worker] DEBUG org.hibernate.type.BasicTypeRegistry - Adding type registration materialized_nclob_char_array -> org.hibernate.type.BasicTypeReference@1468e880
14:49:03.401 [Test worker] DEBUG org.hibernate.type.BasicTypeRegistry - Adding type registration Duration -> org.hibernate.type.BasicTypeReference@508f4bb5
14:49:03.401 [Test worker] DEBUG org.hibernate.type.BasicTypeRegistry - Adding type registration java.time.Duration -> org.hibernate.type.BasicTypeReference@508f4bb5
14:49:03.401 [Test worker] DEBUG org.hibernate.type.BasicTypeRegistry - Adding type registration LocalDateTime -> org.hibernate.type.BasicTypeReference@5602e540
14:49:03.401 [Test worker] DEBUG org.hibernate.type.BasicTypeRegistry - Adding type registration java.time.LocalDateTime -> org.hibernate.type.BasicTypeReference@5602e540
14:49:03.401 [Test worker] DEBUG org.hibernate.type.BasicTypeRegistry - Adding type registration LocalDate -> org.hibernate.type.BasicTypeReference@11f9b95a
14:49:03.401 [Test worker] DEBUG org.hibernate.type.BasicTypeRegistry - Adding type registration java.time.LocalDate -> org.hibernate.type.BasicTypeReference@11f9b95a
14:49:03.401 [Test worker] DEBUG org.hibernate.type.BasicTypeRegistry - Adding type registration LocalTime -> org.hibernate.type.BasicTypeReference@42066f0d
14:49:03.401 [Test worker] DEBUG org.hibernate.type.BasicTypeRegistry - Adding type registration java.time.LocalTime -> org.hibernate.type.BasicTypeReference@42066f0d
14:49:03.401 [Test worker] DEBUG org.hibernate.type.BasicTypeRegistry - Adding type registration OffsetDateTime -> org.hibernate.type.BasicTypeReference@687e561b
14:49:03.401 [Test worker] DEBUG org.hibernate.type.BasicTypeRegistry - Adding type registration java.time.OffsetDateTime -> org.hibernate.type.BasicTypeReference@687e561b
14:49:03.401 [Test worker] DEBUG org.hibernate.type.BasicTypeRegistry - Adding type registration OffsetDateTimeWithTimezone -> org.hibernate.type.BasicTypeReference@299786b1
14:49:03.401 [Test worker] DEBUG org.hibernate.type.BasicTypeRegistry - Adding type registration OffsetDateTimeWithoutTimezone -> org.hibernate.type.BasicTypeReference@75f8d9b0
14:49:03.401 [Test worker] DEBUG org.hibernate.type.BasicTypeRegistry - Adding type registration OffsetTime -> org.hibernate.type.BasicTypeReference@4f7ae05
14:49:03.401 [Test worker] DEBUG org.hibernate.type.BasicTypeRegistry - Adding type registration java.time.OffsetTime -> org.hibernate.type.BasicTypeReference@4f7ae05
14:49:03.401 [Test worker] DEBUG org.hibernate.type.BasicTypeRegistry - Adding type registration ZonedDateTime -> org.hibernate.type.BasicTypeReference@1e23ee0e
14:49:03.401 [Test worker] DEBUG org.hibernate.type.BasicTypeRegistry - Adding type registration java.time.ZonedDateTime -> org.hibernate.type.BasicTypeReference@1e23ee0e
14:49:03.401 [Test worker] DEBUG org.hibernate.type.BasicTypeRegistry - Adding type registration ZonedDateTimeWithTimezone -> org.hibernate.type.BasicTypeReference@b144175
14:49:03.401 [Test worker] DEBUG org.hibernate.type.BasicTypeRegistry - Adding type registration ZonedDateTimeWithoutTimezone -> org.hibernate.type.BasicTypeReference@38923cfe
14:49:03.401 [Test worker] DEBUG org.hibernate.type.BasicTypeRegistry - Adding type registration date -> org.hibernate.type.BasicTypeReference@1ac3a6f
14:49:03.401 [Test worker] DEBUG org.hibernate.type.BasicTypeRegistry - Adding type registration java.sql.Date -> org.hibernate.type.BasicTypeReference@1ac3a6f
14:49:03.401 [Test worker] DEBUG org.hibernate.type.BasicTypeRegistry - Adding type registration time -> org.hibernate.type.BasicTypeReference@fee7ca
14:49:03.401 [Test worker] DEBUG org.hibernate.type.BasicTypeRegistry - Adding type registration java.sql.Time -> org.hibernate.type.BasicTypeReference@fee7ca
14:49:03.401 [Test worker] DEBUG org.hibernate.type.BasicTypeRegistry - Adding type registration timestamp -> org.hibernate.type.BasicTypeReference@29c80149
14:49:03.401 [Test worker] DEBUG org.hibernate.type.BasicTypeRegistry - Adding type registration java.sql.Timestamp -> org.hibernate.type.BasicTypeReference@29c80149
14:49:03.401 [Test worker] DEBUG org.hibernate.type.BasicTypeRegistry - Adding type registration java.util.Date -> org.hibernate.type.BasicTypeReference@29c80149
14:49:03.401 [Test worker] DEBUG org.hibernate.type.BasicTypeRegistry - Adding type registration calendar -> org.hibernate.type.BasicTypeReference@14ad42
14:49:03.401 [Test worker] DEBUG org.hibernate.type.BasicTypeRegistry - Adding type registration java.util.Calendar -> org.hibernate.type.BasicTypeReference@14ad42
14:49:03.401 [Test worker] DEBUG org.hibernate.type.BasicTypeRegistry - Adding type registration java.util.GregorianCalendar -> org.hibernate.type.BasicTypeReference@14ad42
14:49:03.401 [Test worker] DEBUG org.hibernate.type.BasicTypeRegistry - Adding type registration calendar_date -> org.hibernate.type.BasicTypeReference@608b906d
14:49:03.401 [Test worker] DEBUG org.hibernate.type.BasicTypeRegistry - Adding type registration calendar_time -> org.hibernate.type.BasicTypeReference@173cfb01
14:49:03.401 [Test worker] DEBUG org.hibernate.type.BasicTypeRegistry - Adding type registration instant -> org.hibernate.type.BasicTypeReference@7e1762e6
14:49:03.401 [Test worker] DEBUG org.hibernate.type.BasicTypeRegistry - Adding type registration java.time.Instant -> org.hibernate.type.BasicTypeReference@7e1762e6
14:49:03.401 [Test worker] DEBUG org.hibernate.type.BasicTypeRegistry - Adding type registration uuid -> org.hibernate.type.BasicTypeReference@5bccaedb
14:49:03.401 [Test worker] DEBUG org.hibernate.type.BasicTypeRegistry - Adding type registration java.util.UUID -> org.hibernate.type.BasicTypeReference@5bccaedb
14:49:03.401 [Test worker] DEBUG org.hibernate.type.BasicTypeRegistry - Adding type registration pg-uuid -> org.hibernate.type.BasicTypeReference@5bccaedb
14:49:03.401 [Test worker] DEBUG org.hibernate.type.BasicTypeRegistry - Adding type registration uuid-binary -> org.hibernate.type.BasicTypeReference@67784537
14:49:03.401 [Test worker] DEBUG org.hibernate.type.BasicTypeRegistry - Adding type registration uuid-char -> org.hibernate.type.BasicTypeReference@17ec5e2a
14:49:03.401 [Test worker] DEBUG org.hibernate.type.BasicTypeRegistry - Adding type registration class -> org.hibernate.type.BasicTypeReference@52290e63
14:49:03.401 [Test worker] DEBUG org.hibernate.type.BasicTypeRegistry - Adding type registration java.lang.Class -> org.hibernate.type.BasicTypeReference@52290e63
14:49:03.401 [Test worker] DEBUG org.hibernate.type.BasicTypeRegistry - Adding type registration currency -> org.hibernate.type.BasicTypeReference@6c2dd88b
14:49:03.401 [Test worker] DEBUG org.hibernate.type.BasicTypeRegistry - Adding type registration Currency -> org.hibernate.type.BasicTypeReference@6c2dd88b
14:49:03.401 [Test worker] DEBUG org.hibernate.type.BasicTypeRegistry - Adding type registration java.util.Currency -> org.hibernate.type.BasicTypeReference@6c2dd88b
14:49:03.401 [Test worker] DEBUG org.hibernate.type.BasicTypeRegistry - Adding type registration locale -> org.hibernate.type.BasicTypeReference@49d979c4
14:49:03.401 [Test worker] DEBUG org.hibernate.type.BasicTypeRegistry - Adding type registration java.util.Locale -> org.hibernate.type.BasicTypeReference@49d979c4
14:49:03.401 [Test worker] DEBUG org.hibernate.type.BasicTypeRegistry - Adding type registration serializable -> org.hibernate.type.BasicTypeReference@3cb173db
14:49:03.401 [Test worker] DEBUG org.hibernate.type.BasicTypeRegistry - Adding type registration java.io.Serializable -> org.hibernate.type.BasicTypeReference@3cb173db
14:49:03.401 [Test worker] DEBUG org.hibernate.type.BasicTypeRegistry - Adding type registration timezone -> org.hibernate.type.BasicTypeReference@26712838
14:49:03.401 [Test worker] DEBUG org.hibernate.type.BasicTypeRegistry - Adding type registration java.util.TimeZone -> org.hibernate.type.BasicTypeReference@26712838
14:49:03.401 [Test worker] DEBUG org.hibernate.type.BasicTypeRegistry - Adding type registration ZoneOffset -> org.hibernate.type.BasicTypeReference@249a45fd
14:49:03.401 [Test worker] DEBUG org.hibernate.type.BasicTypeRegistry - Adding type registration java.time.ZoneOffset -> org.hibernate.type.BasicTypeReference@249a45fd
14:49:03.401 [Test worker] DEBUG org.hibernate.type.BasicTypeRegistry - Adding type registration url -> org.hibernate.type.BasicTypeReference@268f0ff3
14:49:03.401 [Test worker] DEBUG org.hibernate.type.BasicTypeRegistry - Adding type registration java.net.URL -> org.hibernate.type.BasicTypeReference@268f0ff3
14:49:03.401 [Test worker] DEBUG org.hibernate.type.BasicTypeRegistry - Adding type registration row_version -> org.hibernate.type.BasicTypeReference@11978f52
14:49:03.404 [Test worker] DEBUG org.hibernate.type.BasicTypeRegistry - Adding type registration dbtimestamp -> org.hibernate.type.DbTimestampType@46fb9581
14:49:03.404 [Test worker] DEBUG org.hibernate.type.BasicTypeRegistry - Adding type registration dbtimestamp -> org.hibernate.type.DbTimestampType@46fb9581
14:49:03.404 [Test worker] DEBUG org.hibernate.type.BasicTypeRegistry - Adding type registration object -> org.hibernate.type.JavaObjectType@6150afc6
14:49:03.404 [Test worker] DEBUG org.hibernate.type.BasicTypeRegistry - Adding type registration java.lang.Object -> org.hibernate.type.JavaObjectType@6150afc6
14:49:03.405 [Test worker] DEBUG org.hibernate.type.BasicTypeRegistry - Adding type registration null -> org.hibernate.type.NullType@7f1fec57
14:49:03.405 [Test worker] DEBUG org.hibernate.type.BasicTypeRegistry - Adding type registration imm_date -> org.hibernate.type.BasicTypeReference@5c9e3d01
14:49:03.405 [Test worker] DEBUG org.hibernate.type.BasicTypeRegistry - Adding type registration imm_time -> org.hibernate.type.BasicTypeReference@1dc9f5ad
14:49:03.405 [Test worker] DEBUG org.hibernate.type.BasicTypeRegistry - Adding type registration imm_timestamp -> org.hibernate.type.BasicTypeReference@4a2d66e
14:49:03.405 [Test worker] DEBUG org.hibernate.type.BasicTypeRegistry - Adding type registration imm_calendar -> org.hibernate.type.BasicTypeReference@4dffff9
14:49:03.405 [Test worker] DEBUG org.hibernate.type.BasicTypeRegistry - Adding type registration imm_calendar_date -> org.hibernate.type.BasicTypeReference@2904bc56
14:49:03.405 [Test worker] DEBUG org.hibernate.type.BasicTypeRegistry - Adding type registration imm_calendar_time -> org.hibernate.type.BasicTypeReference@7bb25046
14:49:03.405 [Test worker] DEBUG org.hibernate.type.BasicTypeRegistry - Adding type registration imm_binary -> org.hibernate.type.BasicTypeReference@69b1e8f8
14:49:03.405 [Test worker] DEBUG org.hibernate.type.BasicTypeRegistry - Adding type registration imm_serializable -> org.hibernate.type.BasicTypeReference@126af200
14:49:03.407 [Test worker] DEBUG org.hibernate.boot.internal.BootstrapContextImpl - Injecting JPA temp ClassLoader [org.springframework.instrument.classloading.SimpleThrowawayClassLoader@2fa47368] into BootstrapContext; was [null]
14:49:03.407 [Test worker] DEBUG org.hibernate.boot.internal.ClassLoaderAccessImpl - ClassLoaderAccessImpl#injectTempClassLoader(org.springframework.instrument.classloading.SimpleThrowawayClassLoader@2fa47368) [was null]
14:49:03.407 [Test worker] DEBUG org.hibernate.boot.internal.BootstrapContextImpl - Injecting ScanEnvironment [org.hibernate.jpa.boot.internal.StandardJpaScanEnvironmentImpl@537451d5] into BootstrapContext; was [null]
14:49:03.407 [Test worker] DEBUG org.hibernate.boot.internal.BootstrapContextImpl - Injecting ScanOptions [org.hibernate.boot.archive.scan.internal.StandardScanOptions@785d6a98] into BootstrapContext; was [org.hibernate.boot.archive.scan.internal.StandardScanOptions@614d7fbf]
14:49:03.413 [Test worker] DEBUG org.hibernate.boot.internal.BootstrapContextImpl - Injecting JPA temp ClassLoader [null] into BootstrapContext; was [org.springframework.instrument.classloading.SimpleThrowawayClassLoader@2fa47368]
14:49:03.413 [Test worker] DEBUG org.hibernate.boot.internal.ClassLoaderAccessImpl - ClassLoaderAccessImpl#injectTempClassLoader(null) [was org.springframework.instrument.classloading.SimpleThrowawayClassLoader@2fa47368]
14:49:03.420 [Test worker] DEBUG com.zaxxer.hikari.HikariConfig - HikariPool-1 - configuration:
14:49:03.421 [Test worker] DEBUG com.zaxxer.hikari.HikariConfig - allowPoolSuspension.............false
14:49:03.421 [Test worker] DEBUG com.zaxxer.hikari.HikariConfig - autoCommit......................true
14:49:03.421 [Test worker] DEBUG com.zaxxer.hikari.HikariConfig - catalog.........................none
14:49:03.421 [Test worker] DEBUG com.zaxxer.hikari.HikariConfig - connectionInitSql...............none
14:49:03.421 [Test worker] DEBUG com.zaxxer.hikari.HikariConfig - connectionTestQuery.............none
14:49:03.421 [Test worker] DEBUG com.zaxxer.hikari.HikariConfig - connectionTimeout...............30000
14:49:03.421 [Test worker] DEBUG com.zaxxer.hikari.HikariConfig - dataSource......................none
14:49:03.421 [Test worker] DEBUG com.zaxxer.hikari.HikariConfig - dataSourceClassName.............none
14:49:03.421 [Test worker] DEBUG com.zaxxer.hikari.HikariConfig - dataSourceJNDI..................none
14:49:03.421 [Test worker] DEBUG com.zaxxer.hikari.HikariConfig - dataSourceProperties............{password=<masked>}
14:49:03.422 [Test worker] DEBUG com.zaxxer.hikari.HikariConfig - driverClassName................."org.h2.Driver"
14:49:03.422 [Test worker] DEBUG com.zaxxer.hikari.HikariConfig - exceptionOverrideClassName......none
14:49:03.422 [Test worker] DEBUG com.zaxxer.hikari.HikariConfig - healthCheckProperties...........{}
14:49:03.422 [Test worker] DEBUG com.zaxxer.hikari.HikariConfig - healthCheckRegistry.............none
14:49:03.422 [Test worker] DEBUG com.zaxxer.hikari.HikariConfig - idleTimeout.....................600000
14:49:03.422 [Test worker] DEBUG com.zaxxer.hikari.HikariConfig - initializationFailTimeout.......1
14:49:03.422 [Test worker] DEBUG com.zaxxer.hikari.HikariConfig - isolateInternalQueries..........false
14:49:03.422 [Test worker] DEBUG com.zaxxer.hikari.HikariConfig - jdbcUrl.........................jdbc:h2:mem:testdb;DB_CLOSE_DELAY=-1;MODE=MySQL;NON_KEYWORDS=USER
14:49:03.422 [Test worker] DEBUG com.zaxxer.hikari.HikariConfig - keepaliveTime...................0
14:49:03.422 [Test worker] DEBUG com.zaxxer.hikari.HikariConfig - leakDetectionThreshold..........0
14:49:03.422 [Test worker] DEBUG com.zaxxer.hikari.HikariConfig - maxLifetime.....................1800000
14:49:03.422 [Test worker] DEBUG com.zaxxer.hikari.HikariConfig - maximumPoolSize.................10
14:49:03.422 [Test worker] DEBUG com.zaxxer.hikari.HikariConfig - metricRegistry..................none
14:49:03.422 [Test worker] DEBUG com.zaxxer.hikari.HikariConfig - metricsTrackerFactory...........none
14:49:03.422 [Test worker] DEBUG com.zaxxer.hikari.HikariConfig - minimumIdle.....................10
14:49:03.422 [Test worker] DEBUG com.zaxxer.hikari.HikariConfig - password........................<masked>
14:49:03.422 [Test worker] DEBUG com.zaxxer.hikari.HikariConfig - poolName........................"HikariPool-1"
14:49:03.422 [Test worker] DEBUG com.zaxxer.hikari.HikariConfig - readOnly........................false
14:49:03.422 [Test worker] DEBUG com.zaxxer.hikari.HikariConfig - registerMbeans..................false
14:49:03.422 [Test worker] DEBUG com.zaxxer.hikari.HikariConfig - scheduledExecutor...............none
14:49:03.422 [Test worker] DEBUG com.zaxxer.hikari.HikariConfig - schema..........................none
14:49:03.422 [Test worker] DEBUG com.zaxxer.hikari.HikariConfig - threadFactory...................internal
14:49:03.422 [Test worker] DEBUG com.zaxxer.hikari.HikariConfig - transactionIsolation............default
14:49:03.422 [Test worker] DEBUG com.zaxxer.hikari.HikariConfig - username........................"sa"
14:49:03.422 [Test worker] DEBUG com.zaxxer.hikari.HikariConfig - validationTimeout...............5000
14:49:03.422 [Test worker] INFO com.zaxxer.hikari.HikariDataSource - HikariPool-1 - Starting...
14:49:03.504 [Test worker] INFO com.zaxxer.hikari.pool.HikariPool - HikariPool-1 - Added connection conn0: url=jdbc:h2:mem:testdb user=SA
14:49:03.505 [Test worker] INFO com.zaxxer.hikari.HikariDataSource - HikariPool-1 - Start completed.
14:49:03.508 [Test worker] DEBUG org.hibernate.engine.jdbc.env.internal.JdbcEnvironmentInitiator - Database ->
       name : H2
    version : 2.1.214 (2022-06-13)
      major : 2
      minor : 1
14:49:03.508 [Test worker] DEBUG org.hibernate.engine.jdbc.env.internal.JdbcEnvironmentInitiator - Driver ->
       name : H2 JDBC Driver
    version : 2.1.214 (2022-06-13)
      major : 2
      minor : 1
14:49:03.508 [Test worker] DEBUG org.hibernate.engine.jdbc.env.internal.JdbcEnvironmentInitiator - JDBC version : 4.2
14:49:03.514 [Test worker] INFO SQL dialect - HHH000400: Using dialect: org.hibernate.dialect.H2Dialect
14:49:03.517 [Test worker] DEBUG org.hibernate.engine.jdbc.env.spi.IdentifierHelperBuilder - JDBC driver metadata reported database stores quoted identifiers in neither upper, lower nor mixed case
14:49:03.525 [Test worker] DEBUG org.hibernate.type.descriptor.jdbc.spi.JdbcTypeRegistry - addDescriptor(NCharTypeDescriptor) replaced previous registration(CharTypeDescriptor)
14:49:03.525 [Test worker] DEBUG org.hibernate.type.descriptor.jdbc.spi.JdbcTypeRegistry - addDescriptor(NVarcharTypeDescriptor) replaced previous registration(VarcharTypeDescriptor)
14:49:03.525 [Test worker] DEBUG org.hibernate.type.descriptor.jdbc.spi.JdbcTypeRegistry - addDescriptor(LongNVarcharTypeDescriptor) replaced previous registration(LongVarcharTypeDescriptor)
14:49:03.526 [Test worker] DEBUG org.hibernate.type.descriptor.jdbc.spi.JdbcTypeRegistry - addDescriptor(NClobTypeDescriptor(DEFAULT)) replaced previous registration(ClobTypeDescriptor(DEFAULT))
14:49:03.526 [Test worker] DEBUG org.hibernate.type.descriptor.jdbc.spi.JdbcTypeRegistry - addDescriptor(2005, ClobTypeDescriptor(STREAM_BINDING)) replaced previous registration(ClobTypeDescriptor(DEFAULT))
14:49:03.526 [Test worker] DEBUG org.hibernate.type.descriptor.jdbc.spi.JdbcTypeRegistry - addDescriptor(3003, TimestampUtcDescriptor) replaced previous registration(TimestampUtcDescriptor)
14:49:03.528 [Test worker] DEBUG org.hibernate.type.BasicTypeRegistry - Adding type registration org.hibernate.type.OffsetDateTimeType -> basicType@1(java.time.OffsetDateTime,93)
14:49:03.528 [Test worker] DEBUG org.hibernate.type.BasicTypeRegistry - Adding type registration OffsetDateTime -> basicType@1(java.time.OffsetDateTime,93)
14:49:03.528 [Test worker] DEBUG org.hibernate.type.BasicTypeRegistry - Adding type registration java.time.OffsetDateTime -> basicType@1(java.time.OffsetDateTime,93)
14:49:03.528 [Test worker] DEBUG org.hibernate.type.BasicTypeRegistry - Adding type registration org.hibernate.type.ZonedDateTimeType -> basicType@2(java.time.ZonedDateTime,93)
14:49:03.528 [Test worker] DEBUG org.hibernate.type.BasicTypeRegistry - Adding type registration ZonedDateTime -> basicType@2(java.time.ZonedDateTime,93)
14:49:03.528 [Test worker] DEBUG org.hibernate.type.BasicTypeRegistry - Adding type registration java.time.ZonedDateTime -> basicType@2(java.time.ZonedDateTime,93)
14:49:03.529 [Test worker] DEBUG org.hibernate.type.spi.TypeConfiguration$Scope - Scoping TypeConfiguration [org.hibernate.type.spi.TypeConfiguration@2e057637] to MetadataBuildingContext [org.hibernate.boot.internal.MetadataBuildingContextRootImpl@762f8ff6]
14:49:03.546 [Test worker] DEBUG org.hibernate.boot.model.relational.Namespace - Created database namespace [logicalName=Name{catalog=null, schema=null}, physicalName=Name{catalog=null, schema=null}]
14:49:03.556 [Test worker] DEBUG org.hibernate.cfg.annotations.EntityBinder - Binding entity from annotated class: com.joango.model.Event
14:49:03.559 [Test worker] DEBUG org.hibernate.cfg.AnnotatedColumn - Binding column: DiscriminatorColumn{logicalColumnName'DTYPE', discriminatorTypeName='string'}
14:49:03.560 [Test worker] DEBUG org.hibernate.cfg.annotations.EntityBinder - Import with entity name Event
14:49:03.563 [Test worker] DEBUG org.hibernate.cfg.annotations.EntityBinder - Bind entity com.joango.model.Event on table event
14:49:03.569 [Test worker] DEBUG org.hibernate.cfg.AnnotatedColumn - Binding column: Column{table=Table(event), mappingColumn=id, insertable=true, updatable=true, unique=false}
14:49:03.570 [Test worker] DEBUG org.hibernate.boot.internal.ClassLoaderAccessImpl - Not known whether passed class name [com.joango.model.Event] is safe
14:49:03.570 [Test worker] DEBUG org.hibernate.boot.internal.ClassLoaderAccessImpl - No temp ClassLoader provided; using live ClassLoader for loading potentially unsafe class : com.joango.model.Event
14:49:03.570 [Test worker] DEBUG org.hibernate.cfg.annotations.PropertyBinder - MetadataSourceProcessor property id with lazy=false
14:49:03.572 [Test worker] DEBUG org.hibernate.cfg.AbstractPropertyHolder - Attempting to locate auto-apply AttributeConverter for property [com.joango.model.Event:id]
14:49:03.573 [Test worker] DEBUG org.hibernate.cfg.annotations.BasicValueBinder - building BasicValue for id
14:49:03.574 [Test worker] DEBUG org.hibernate.mapping.BasicValue - Skipping column re-registration: event.id
14:49:03.575 [Test worker] DEBUG org.hibernate.cfg.annotations.PropertyBinder - Building property id
14:49:03.575 [Test worker] DEBUG org.hibernate.cfg.BinderHelper - #makeIdGenerator(BasicValue([Column(id)]), id, identity, , ...)
14:49:03.576 [Test worker] DEBUG org.hibernate.cfg.AnnotatedColumn - Binding column: Column{table=Table(event), mappingColumn=date, insertable=true, updatable=true, unique=false}
14:49:03.576 [Test worker] DEBUG org.hibernate.cfg.annotations.PropertyBinder - MetadataSourceProcessor property date with lazy=false
14:49:03.576 [Test worker] DEBUG org.hibernate.cfg.AbstractPropertyHolder - Attempting to locate auto-apply AttributeConverter for property [com.joango.model.Event:date]
14:49:03.576 [Test worker] DEBUG org.hibernate.cfg.annotations.BasicValueBinder - building BasicValue for date
14:49:03.576 [Test worker] DEBUG org.hibernate.mapping.BasicValue - Skipping column re-registration: event.date
14:49:03.576 [Test worker] DEBUG org.hibernate.cfg.annotations.PropertyBinder - Building property date
14:49:03.576 [Test worker] DEBUG org.hibernate.cfg.AnnotatedColumn - Binding column: Column{table=Table(event), mappingColumn=ticket_price, insertable=true, updatable=true, unique=false}
14:49:03.576 [Test worker] DEBUG org.hibernate.cfg.annotations.PropertyBinder - MetadataSourceProcessor property ticketPrice with lazy=false
14:49:03.576 [Test worker] DEBUG org.hibernate.cfg.AbstractPropertyHolder - Attempting to locate auto-apply AttributeConverter for property [com.joango.model.Event:ticketPrice]
14:49:03.576 [Test worker] DEBUG org.hibernate.cfg.annotations.BasicValueBinder - building BasicValue for ticketPrice
14:49:03.576 [Test worker] DEBUG org.hibernate.mapping.BasicValue - Skipping column re-registration: event.ticket_price
14:49:03.576 [Test worker] DEBUG org.hibernate.cfg.annotations.PropertyBinder - Building property ticketPrice
14:49:03.576 [Test worker] DEBUG org.hibernate.cfg.AnnotatedColumn - Binding column: Column{table=Table(event), mappingColumn=title, insertable=true, updatable=true, unique=false}
14:49:03.576 [Test worker] DEBUG org.hibernate.cfg.annotations.PropertyBinder - MetadataSourceProcessor property title with lazy=false
14:49:03.576 [Test worker] DEBUG org.hibernate.cfg.AbstractPropertyHolder - Attempting to locate auto-apply AttributeConverter for property [com.joango.model.Event:title]
14:49:03.576 [Test worker] DEBUG org.hibernate.cfg.annotations.BasicValueBinder - building BasicValue for title
14:49:03.576 [Test worker] DEBUG org.hibernate.mapping.BasicValue - Skipping column re-registration: event.title
14:49:03.576 [Test worker] DEBUG org.hibernate.cfg.annotations.PropertyBinder - Building property title
14:49:03.578 [Test worker] DEBUG org.hibernate.cfg.annotations.EntityBinder - Binding entity from annotated class: com.joango.model.Ticket
14:49:03.578 [Test worker] DEBUG org.hibernate.cfg.AnnotatedColumn - Binding column: DiscriminatorColumn{logicalColumnName'DTYPE', discriminatorTypeName='string'}
14:49:03.578 [Test worker] DEBUG org.hibernate.cfg.annotations.EntityBinder - Import with entity name Ticket
14:49:03.578 [Test worker] DEBUG org.hibernate.cfg.annotations.EntityBinder - Bind entity com.joango.model.Ticket on table ticket
14:49:03.579 [Test worker] DEBUG org.hibernate.cfg.AnnotatedColumn - Binding column: Column{table=Table(ticket), mappingColumn=id, insertable=true, updatable=true, unique=false}
14:49:03.579 [Test worker] DEBUG org.hibernate.boot.internal.ClassLoaderAccessImpl - Not known whether passed class name [com.joango.model.Ticket] is safe
14:49:03.579 [Test worker] DEBUG org.hibernate.boot.internal.ClassLoaderAccessImpl - No temp ClassLoader provided; using live ClassLoader for loading potentially unsafe class : com.joango.model.Ticket
14:49:03.579 [Test worker] DEBUG org.hibernate.cfg.annotations.PropertyBinder - MetadataSourceProcessor property id with lazy=false
14:49:03.579 [Test worker] DEBUG org.hibernate.cfg.AbstractPropertyHolder - Attempting to locate auto-apply AttributeConverter for property [com.joango.model.Ticket:id]
14:49:03.579 [Test worker] DEBUG org.hibernate.cfg.annotations.BasicValueBinder - building BasicValue for id
14:49:03.579 [Test worker] DEBUG org.hibernate.mapping.BasicValue - Skipping column re-registration: ticket.id
14:49:03.579 [Test worker] DEBUG org.hibernate.cfg.annotations.PropertyBinder - Building property id
14:49:03.579 [Test worker] DEBUG org.hibernate.cfg.BinderHelper - #makeIdGenerator(BasicValue([Column(id)]), id, identity, , ...)
14:49:03.579 [Test worker] DEBUG org.hibernate.cfg.AnnotatedColumn - Binding column: Column{table=Table(ticket), mappingColumn=category, insertable=true, updatable=true, unique=false}
14:49:03.580 [Test worker] DEBUG org.hibernate.cfg.annotations.PropertyBinder - MetadataSourceProcessor property category with lazy=false
14:49:03.580 [Test worker] DEBUG org.hibernate.cfg.AbstractPropertyHolder - Attempting to locate auto-apply AttributeConverter for property [com.joango.model.Ticket:category]
14:49:03.580 [Test worker] DEBUG org.hibernate.cfg.annotations.BasicValueBinder - building BasicValue for category
14:49:03.580 [Test worker] DEBUG org.hibernate.mapping.BasicValue - Skipping column re-registration: ticket.category
14:49:03.580 [Test worker] DEBUG org.hibernate.cfg.annotations.PropertyBinder - Building property category
14:49:03.580 [Test worker] DEBUG org.hibernate.cfg.AnnotatedColumn - Binding column: Column{table=Table(ticket), mappingColumn=event_id, insertable=true, updatable=true, unique=false}
14:49:03.580 [Test worker] DEBUG org.hibernate.cfg.annotations.PropertyBinder - MetadataSourceProcessor property eventId with lazy=false
14:49:03.580 [Test worker] DEBUG org.hibernate.cfg.AbstractPropertyHolder - Attempting to locate auto-apply AttributeConverter for property [com.joango.model.Ticket:eventId]
14:49:03.580 [Test worker] DEBUG org.hibernate.cfg.annotations.BasicValueBinder - building BasicValue for eventId
14:49:03.580 [Test worker] DEBUG org.hibernate.mapping.BasicValue - Skipping column re-registration: ticket.event_id
14:49:03.580 [Test worker] DEBUG org.hibernate.cfg.annotations.PropertyBinder - Building property eventId
14:49:03.580 [Test worker] DEBUG org.hibernate.cfg.AnnotatedColumn - Binding column: Column{table=Table(ticket), mappingColumn=place, insertable=true, updatable=true, unique=false}
14:49:03.580 [Test worker] DEBUG org.hibernate.cfg.annotations.PropertyBinder - MetadataSourceProcessor property place with lazy=false
14:49:03.580 [Test worker] DEBUG org.hibernate.cfg.AbstractPropertyHolder - Attempting to locate auto-apply AttributeConverter for property [com.joango.model.Ticket:place]
14:49:03.580 [Test worker] DEBUG org.hibernate.cfg.annotations.BasicValueBinder - building BasicValue for place
14:49:03.580 [Test worker] DEBUG org.hibernate.mapping.BasicValue - Skipping column re-registration: ticket.place
14:49:03.580 [Test worker] DEBUG org.hibernate.cfg.annotations.PropertyBinder - Building property place
14:49:03.580 [Test worker] DEBUG org.hibernate.cfg.AnnotatedColumn - Binding column: Column{table=Table(ticket), mappingColumn=user_id, insertable=true, updatable=true, unique=false}
14:49:03.580 [Test worker] DEBUG org.hibernate.cfg.annotations.PropertyBinder - MetadataSourceProcessor property userId with lazy=false
14:49:03.580 [Test worker] DEBUG org.hibernate.cfg.AbstractPropertyHolder - Attempting to locate auto-apply AttributeConverter for property [com.joango.model.Ticket:userId]
14:49:03.580 [Test worker] DEBUG org.hibernate.cfg.annotations.BasicValueBinder - building BasicValue for userId
14:49:03.580 [Test worker] DEBUG org.hibernate.mapping.BasicValue - Skipping column re-registration: ticket.user_id
14:49:03.580 [Test worker] DEBUG org.hibernate.cfg.annotations.PropertyBinder - Building property userId
14:49:03.580 [Test worker] DEBUG org.hibernate.cfg.annotations.EntityBinder - Binding entity from annotated class: com.joango.model.User
14:49:03.580 [Test worker] DEBUG org.hibernate.cfg.AnnotatedColumn - Binding column: DiscriminatorColumn{logicalColumnName'DTYPE', discriminatorTypeName='string'}
14:49:03.581 [Test worker] DEBUG org.hibernate.cfg.annotations.EntityBinder - Import with entity name User
14:49:03.581 [Test worker] DEBUG org.hibernate.cfg.annotations.EntityBinder - Bind entity com.joango.model.User on table user
14:49:03.582 [Test worker] DEBUG org.hibernate.cfg.AnnotatedColumn - Binding column: Column{table=Table(user), mappingColumn=id, insertable=true, updatable=true, unique=false}
14:49:03.582 [Test worker] DEBUG org.hibernate.boot.internal.ClassLoaderAccessImpl - Not known whether passed class name [com.joango.model.User] is safe
14:49:03.582 [Test worker] DEBUG org.hibernate.boot.internal.ClassLoaderAccessImpl - No temp ClassLoader provided; using live ClassLoader for loading potentially unsafe class : com.joango.model.User
14:49:03.582 [Test worker] DEBUG org.hibernate.cfg.annotations.PropertyBinder - MetadataSourceProcessor property id with lazy=false
14:49:03.582 [Test worker] DEBUG org.hibernate.cfg.AbstractPropertyHolder - Attempting to locate auto-apply AttributeConverter for property [com.joango.model.User:id]
14:49:03.582 [Test worker] DEBUG org.hibernate.cfg.annotations.BasicValueBinder - building BasicValue for id
14:49:03.582 [Test worker] DEBUG org.hibernate.mapping.BasicValue - Skipping column re-registration: user.id
14:49:03.582 [Test worker] DEBUG org.hibernate.cfg.annotations.PropertyBinder - Building property id
14:49:03.582 [Test worker] DEBUG org.hibernate.cfg.BinderHelper - #makeIdGenerator(BasicValue([Column(id)]), id, identity, , ...)
14:49:03.582 [Test worker] DEBUG org.hibernate.cfg.AnnotatedColumn - Binding column: Column{table=Table(user), mappingColumn=email, insertable=true, updatable=true, unique=false}
14:49:03.582 [Test worker] DEBUG org.hibernate.cfg.annotations.PropertyBinder - MetadataSourceProcessor property email with lazy=false
14:49:03.582 [Test worker] DEBUG org.hibernate.cfg.AbstractPropertyHolder - Attempting to locate auto-apply AttributeConverter for property [com.joango.model.User:email]
14:49:03.582 [Test worker] DEBUG org.hibernate.cfg.annotations.BasicValueBinder - building BasicValue for email
14:49:03.582 [Test worker] DEBUG org.hibernate.mapping.BasicValue - Skipping column re-registration: user.email
14:49:03.582 [Test worker] DEBUG org.hibernate.cfg.annotations.PropertyBinder - Building property email
14:49:03.582 [Test worker] DEBUG org.hibernate.cfg.AnnotatedColumn - Binding column: Column{table=Table(user), mappingColumn=name, insertable=true, updatable=true, unique=false}
14:49:03.582 [Test worker] DEBUG org.hibernate.cfg.annotations.PropertyBinder - MetadataSourceProcessor property name with lazy=false
14:49:03.582 [Test worker] DEBUG org.hibernate.cfg.AbstractPropertyHolder - Attempting to locate auto-apply AttributeConverter for property [com.joango.model.User:name]
14:49:03.582 [Test worker] DEBUG org.hibernate.cfg.annotations.BasicValueBinder - building BasicValue for name
14:49:03.582 [Test worker] DEBUG org.hibernate.mapping.BasicValue - Skipping column re-registration: user.name
14:49:03.582 [Test worker] DEBUG org.hibernate.cfg.annotations.PropertyBinder - Building property name
14:49:03.583 [Test worker] DEBUG org.hibernate.cfg.AnnotatedColumn - Binding column: JoinColumn{logicalColumnName='null', referencedColumn='null', mappedBy='user'}
14:49:03.583 [Test worker] DEBUG org.hibernate.cfg.AnnotatedColumn - Binding column: Column{table=Table(user), mappingColumn=user_account, insertable=true, updatable=true, unique=false}
14:49:03.584 [Test worker] DEBUG org.hibernate.cfg.annotations.EntityBinder - Binding entity from annotated class: com.joango.model.UserAccount
14:49:03.584 [Test worker] DEBUG org.hibernate.cfg.AnnotatedColumn - Binding column: DiscriminatorColumn{logicalColumnName'DTYPE', discriminatorTypeName='string'}
14:49:03.584 [Test worker] DEBUG org.hibernate.cfg.annotations.EntityBinder - Import with entity name UserAccount
14:49:03.584 [Test worker] DEBUG org.hibernate.cfg.annotations.EntityBinder - Bind entity com.joango.model.UserAccount on table user_account
14:49:03.585 [Test worker] DEBUG org.hibernate.cfg.AnnotatedColumn - Binding column: Column{table=Table(user_account), mappingColumn=id, insertable=true, updatable=true, unique=false}
14:49:03.585 [Test worker] DEBUG org.hibernate.boot.internal.ClassLoaderAccessImpl - Not known whether passed class name [com.joango.model.UserAccount] is safe
14:49:03.585 [Test worker] DEBUG org.hibernate.boot.internal.ClassLoaderAccessImpl - No temp ClassLoader provided; using live ClassLoader for loading potentially unsafe class : com.joango.model.UserAccount
14:49:03.585 [Test worker] DEBUG org.hibernate.cfg.annotations.PropertyBinder - MetadataSourceProcessor property id with lazy=false
14:49:03.586 [Test worker] DEBUG org.hibernate.cfg.AbstractPropertyHolder - Attempting to locate auto-apply AttributeConverter for property [com.joango.model.UserAccount:id]
14:49:03.586 [Test worker] DEBUG org.hibernate.cfg.annotations.BasicValueBinder - building BasicValue for id
14:49:03.586 [Test worker] DEBUG org.hibernate.mapping.BasicValue - Skipping column re-registration: user_account.id
14:49:03.586 [Test worker] DEBUG org.hibernate.cfg.annotations.PropertyBinder - Building property id
14:49:03.586 [Test worker] DEBUG org.hibernate.cfg.BinderHelper - #makeIdGenerator(BasicValue([Column(id)]), id, identity, , ...)
14:49:03.586 [Test worker] DEBUG org.hibernate.cfg.AnnotatedColumn - Binding column: JoinColumn{logicalColumnName='user_id', referencedColumn='', mappedBy=''}
14:49:03.586 [Test worker] DEBUG org.hibernate.cfg.AnnotatedColumn - Binding column: Column{table=Table(user_account), mappingColumn=user, insertable=true, updatable=true, unique=false}
14:49:03.586 [Test worker] DEBUG org.hibernate.cfg.annotations.PropertyBinder - Building property user
14:49:03.587 [Test worker] DEBUG org.hibernate.cfg.AnnotatedColumn - Binding column: Column{table=Table(user_account), mappingColumn=user_balance, insertable=true, updatable=true, unique=false}
14:49:03.587 [Test worker] DEBUG org.hibernate.cfg.annotations.PropertyBinder - MetadataSourceProcessor property userBalance with lazy=false
14:49:03.587 [Test worker] DEBUG org.hibernate.cfg.AbstractPropertyHolder - Attempting to locate auto-apply AttributeConverter for property [com.joango.model.UserAccount:userBalance]
14:49:03.587 [Test worker] DEBUG org.hibernate.cfg.annotations.BasicValueBinder - building BasicValue for userBalance
14:49:03.587 [Test worker] DEBUG org.hibernate.mapping.BasicValue - Skipping column re-registration: user_account.user_balance
14:49:03.587 [Test worker] DEBUG org.hibernate.cfg.annotations.PropertyBinder - Building property userBalance
14:49:03.587 [Test worker] DEBUG org.hibernate.cfg.annotations.BasicValueBinder - Starting `BasicValueBinder#fillSimpleValue` for id
14:49:03.588 [Test worker] DEBUG org.hibernate.cfg.annotations.BasicValueBinder - Starting `BasicValueBinder#fillSimpleValue` for date
14:49:03.588 [Test worker] DEBUG org.hibernate.cfg.annotations.BasicValueBinder - Starting `BasicValueBinder#fillSimpleValue` for ticketPrice
14:49:03.588 [Test worker] DEBUG org.hibernate.cfg.annotations.BasicValueBinder - Starting `BasicValueBinder#fillSimpleValue` for title
14:49:03.588 [Test worker] DEBUG org.hibernate.cfg.annotations.BasicValueBinder - Starting `BasicValueBinder#fillSimpleValue` for id
14:49:03.588 [Test worker] DEBUG org.hibernate.cfg.annotations.BasicValueBinder - Starting `BasicValueBinder#fillSimpleValue` for category
14:49:03.589 [Test worker] DEBUG org.hibernate.cfg.annotations.BasicValueBinder - Starting `BasicValueBinder#fillSimpleValue` for eventId
14:49:03.589 [Test worker] DEBUG org.hibernate.cfg.annotations.BasicValueBinder - Starting `BasicValueBinder#fillSimpleValue` for place
14:49:03.589 [Test worker] DEBUG org.hibernate.cfg.annotations.BasicValueBinder - Starting `BasicValueBinder#fillSimpleValue` for userId
14:49:03.589 [Test worker] DEBUG org.hibernate.cfg.annotations.BasicValueBinder - Starting `BasicValueBinder#fillSimpleValue` for id
14:49:03.589 [Test worker] DEBUG org.hibernate.cfg.annotations.BasicValueBinder - Starting `BasicValueBinder#fillSimpleValue` for email
14:49:03.589 [Test worker] DEBUG org.hibernate.cfg.annotations.BasicValueBinder - Starting `BasicValueBinder#fillSimpleValue` for name
14:49:03.589 [Test worker] DEBUG org.hibernate.cfg.annotations.BasicValueBinder - Starting `BasicValueBinder#fillSimpleValue` for id
14:49:03.589 [Test worker] DEBUG org.hibernate.cfg.annotations.BasicValueBinder - Starting `BasicValueBinder#fillSimpleValue` for userBalance
14:49:03.593 [Test worker] DEBUG org.hibernate.mapping.PrimaryKey - Forcing column [id] to be non-null as it is part of the primary key for table [event]
14:49:03.593 [Test worker] DEBUG org.hibernate.mapping.PrimaryKey - Forcing column [id] to be non-null as it is part of the primary key for table [ticket]
14:49:03.593 [Test worker] DEBUG org.hibernate.mapping.PrimaryKey - Forcing column [id] to be non-null as it is part of the primary key for table [user]
14:49:03.593 [Test worker] DEBUG org.hibernate.mapping.PrimaryKey - Forcing column [id] to be non-null as it is part of the primary key for table [user_account]
14:49:03.594 [Test worker] DEBUG org.hibernate.cfg.annotations.PropertyBinder - Building property userAccount
14:49:03.594 [Test worker] DEBUG org.hibernate.boot.internal.InFlightMetadataCollectorImpl - Processing association property references
14:49:03.594 [Test worker] DEBUG org.hibernate.boot.internal.InFlightMetadataCollectorImpl - Resolving reference to class: com.joango.model.User
14:49:03.600 [Test worker] DEBUG org.hibernate.boot.internal.InFlightMetadataCollectorImpl - Processing association property references
14:49:03.600 [Test worker] DEBUG org.hibernate.boot.internal.InFlightMetadataCollectorImpl - Resolving reference to class: com.joango.model.User
14:49:03.608 [HikariPool-1 housekeeper] DEBUG com.zaxxer.hikari.pool.HikariPool - HikariPool-1 - Pool stats (total=1, active=0, idle=1, waiting=0)
14:49:03.609 [HikariPool-1 connection adder] DEBUG com.zaxxer.hikari.pool.HikariPool - HikariPool-1 - Added connection conn1: url=jdbc:h2:mem:testdb user=SA
14:49:03.621 [HikariPool-1 connection adder] DEBUG com.zaxxer.hikari.pool.HikariPool - HikariPool-1 - Added connection conn2: url=jdbc:h2:mem:testdb user=SA
14:49:03.623 [Test worker] DEBUG org.hibernate.internal.SessionFactoryImpl - Building session factory
14:49:03.634 [HikariPool-1 connection adder] DEBUG com.zaxxer.hikari.pool.HikariPool - HikariPool-1 - Added connection conn3: url=jdbc:h2:mem:testdb user=SA
14:49:03.641 [Test worker] DEBUG org.hibernate.service.internal.SessionFactoryServiceRegistryImpl - EventListenerRegistry access via ServiceRegistry is deprecated.  Use `sessionFactory.getEventEngine().getListenerRegistry()` instead
[...]
14:49:04.564 [Test worker] DEBUG org.springframework.test.context.cache - Spring test ApplicationContext cache statistics: [DefaultContextCache@329b4b8b size = 1, maxSize = 32, parentContextCount = 0, hitCount = 249, missCount = 1]
14:49:04.564 [Test worker] DEBUG org.springframework.test.context.cache - Spring test ApplicationContext cache statistics: [DefaultContextCache@329b4b8b size = 1, maxSize = 32, parentContextCount = 0, hitCount = 250, missCount = 1]
14:49:04.564 [Test worker] DEBUG org.springframework.test.context.support.AbstractDirtiesContextTestExecutionListener - Before test method: class [BookingServiceIntegrationTest], method [getUserById], class annotated with @DirtiesContext [false] with mode [null], method annotated with @DirtiesContext [false] with mode [null]
14:49:04.564 [Test worker] DEBUG org.springframework.test.context.cache - Spring test ApplicationContext cache statistics: [DefaultContextCache@329b4b8b size = 1, maxSize = 32, parentContextCount = 0, hitCount = 251, missCount = 1]
14:49:04.565 [Test worker] DEBUG org.springframework.test.context.cache - Spring test ApplicationContext cache statistics: [DefaultContextCache@329b4b8b size = 1, maxSize = 32, parentContextCount = 0, hitCount = 252, missCount = 1]
14:49:04.565 [Test worker] DEBUG org.springframework.test.context.cache - Spring test ApplicationContext cache statistics: [DefaultContextCache@329b4b8b size = 1, maxSize = 32, parentContextCount = 0, hitCount = 253, missCount = 1]
14:49:04.565 [Test worker] DEBUG org.springframework.orm.jpa.JpaTransactionManager - Creating new transaction with name [org.springframework.data.jpa.repository.support.SimpleJpaRepository.findById]: PROPAGATION_REQUIRED,ISOLATION_DEFAULT,readOnly
14:49:04.565 [Test worker] DEBUG org.springframework.orm.jpa.JpaTransactionManager - Opened new EntityManager [SessionImpl(304872108<open>)] for JPA transaction
14:49:04.565 [Test worker] DEBUG org.springframework.jdbc.datasource.DataSourceUtils - Setting JDBC Connection [HikariProxyConnection@2061719835 wrapping conn0: url=jdbc:h2:mem:testdb user=SA] read-only
14:49:04.565 [Test worker] DEBUG org.hibernate.engine.transaction.internal.TransactionImpl - On TransactionImpl creation, JpaCompliance#isJpaTransactionComplianceEnabled == false
14:49:04.565 [Test worker] DEBUG org.hibernate.engine.transaction.internal.TransactionImpl - begin
14:49:04.565 [Test worker] DEBUG org.springframework.orm.jpa.JpaTransactionManager - Exposing JPA transaction as JDBC [org.springframework.orm.jpa.vendor.HibernateJpaDialect$HibernateConnectionHandle@67954d71]
14:49:04.566 [Test worker] DEBUG org.hibernate.orm.sql.exec - Skipping reading Query result cache data: cache-enabled = false, cache-mode = IGNORE
14:49:04.566 [Test worker] DEBUG org.hibernate.orm.results - Initializer list
14:49:04.566 [Test worker] DEBUG org.hibernate.orm.results -     com.joango.model.User.userAccount -> EntityJoinedFetchInitializer(com.joango.model.User.userAccount)@247264960 (ToOneAttributeMapping(NavigableRole[com.joango.model.User.userAccount])@1494592361)
14:49:04.566 [Test worker] DEBUG org.hibernate.orm.results -     com.joango.model.User -> EntityResultInitializer(com.joango.model.User)@1133497507 (SingleTableEntityPersister(com.joango.model.User))
14:49:04.566 [Test worker] DEBUG org.hibernate.SQL - select u1_0.id,u1_0.email,u1_0.name,u2_0.id,u2_0.user_balance from user u1_0 left join user_account u2_0 on u1_0.id=u2_0.user_id where u1_0.id=?
Hibernate: select u1_0.id,u1_0.email,u1_0.name,u2_0.id,u2_0.user_balance from user u1_0 left join user_account u2_0 on u1_0.id=u2_0.user_id where u1_0.id=?
14:49:04.566 [Test worker] DEBUG org.hibernate.orm.results - Extracted JDBC value [3] - [1]
14:49:04.566 [Test worker] DEBUG org.hibernate.orm.results.loading.entity - (EntityJoinedFetchInitializer) Hydrated EntityKey (com.joango.model.User.userAccount): 1
14:49:04.566 [Test worker] DEBUG org.hibernate.orm.results.loading.entity - (EntityResultInitializer) Hydrated EntityKey (com.joango.model.User): 1
14:49:04.566 [Test worker] DEBUG org.hibernate.orm.results.loading.entity - (EntityJoinedFetchInitializer) Created new entity instance [com.joango.model.User.userAccount#1] : UserAccount(id=1, userBalance=null, user=null)
14:49:04.566 [Test worker] DEBUG org.hibernate.orm.results.loading.entity - (EntityResultInitializer) Created new entity instance [com.joango.model.User#1] : User(id=1, name=null, email=null, userAccount=null)
14:49:04.566 [Test worker] DEBUG org.hibernate.orm.results - Extracted JDBC value [4] - [10000]
14:49:04.566 [Test worker] DEBUG org.hibernate.orm.results.loading.entity - (EntityJoinedFetchInitializer) Done materializing entityInstance : com.joango.model.User.userAccount#1
14:49:04.566 [Test worker] DEBUG org.hibernate.orm.results - Extracted JDBC value [1] - [dictum@icloud.com]
14:49:04.566 [Test worker] DEBUG org.hibernate.orm.results - Extracted JDBC value [2] - [Lewis Burton]
14:49:04.566 [Test worker] DEBUG org.hibernate.orm.results.loading.entity - (EntityJoinedFetchInitializer) Found existing loading entry [com.joango.model.User.userAccount#1] - using loading instance
14:49:04.566 [Test worker] DEBUG org.hibernate.orm.results.loading.entity - (EntityResultInitializer) Done materializing entityInstance : com.joango.model.User#1
14:49:04.566 [Test worker] DEBUG org.hibernate.orm.results.loading - Calling top-level assembler (0 / 1) : org.hibernate.sql.results.graph.entity.internal.EntityAssembler@3f1eb1bc
14:49:04.566 [Test worker] DEBUG org.hibernate.orm.results.loading.entity - (EntityResultInitializer) Found existing loading entry [com.joango.model.User#1] - using loading instance
14:49:04.566 [Test worker] DEBUG org.springframework.orm.jpa.JpaTransactionManager - Initiating transaction commit
14:49:04.566 [Test worker] DEBUG org.springframework.orm.jpa.JpaTransactionManager - Committing JPA transaction on EntityManager [SessionImpl(304872108<open>)]
14:49:04.566 [Test worker] DEBUG org.hibernate.engine.transaction.internal.TransactionImpl - committing
14:49:04.566 [Test worker] DEBUG org.springframework.jdbc.datasource.DataSourceUtils - Resetting read-only flag of JDBC Connection [HikariProxyConnection@2061719835 wrapping conn0: url=jdbc:h2:mem:testdb user=SA]
14:49:04.566 [Test worker] DEBUG org.springframework.orm.jpa.JpaTransactionManager - Closing JPA EntityManager [SessionImpl(304872108<open>)] after transaction
14:49:04.567 [Test worker] DEBUG org.springframework.test.context.cache - Spring test ApplicationContext cache statistics: [DefaultContextCache@329b4b8b size = 1, maxSize = 32, parentContextCount = 0, hitCount = 254, missCount = 1]
14:49:04.567 [Test worker] DEBUG org.springframework.test.context.cache - Spring test ApplicationContext cache statistics: [DefaultContextCache@329b4b8b size = 1, maxSize = 32, parentContextCount = 0, hitCount = 255, missCount = 1]
14:49:04.567 [Test worker] DEBUG org.springframework.test.context.cache - Spring test ApplicationContext cache statistics: [DefaultContextCache@329b4b8b size = 1, maxSize = 32, parentContextCount = 0, hitCount = 256, missCount = 1]
14:49:04.567 [Test worker] DEBUG org.springframework.test.context.cache - Spring test ApplicationContext cache statistics: [DefaultContextCache@329b4b8b size = 1, maxSize = 32, parentContextCount = 0, hitCount = 257, missCount = 1]
14:49:04.567 [Test worker] DEBUG org.springframework.test.context.cache - Spring test ApplicationContext cache statistics: [DefaultContextCache@329b4b8b size = 1, maxSize = 32, parentContextCount = 0, hitCount = 258, missCount = 1]
14:49:04.567 [Test worker] DEBUG org.springframework.test.context.cache - Spring test ApplicationContext cache statistics: [DefaultContextCache@329b4b8b size = 1, maxSize = 32, parentContextCount = 0, hitCount = 259, missCount = 1]
14:49:04.567 [Test worker] DEBUG org.springframework.test.context.support.AbstractDirtiesContextTestExecutionListener - After test method: class [BookingServiceIntegrationTest], method [getUserById], class annotated with @DirtiesContext [false] with mode [null], method annotated with @DirtiesContext [false] with mode [null]
14:49:04.568 [Test worker] DEBUG org.springframework.test.context.cache - Spring test ApplicationContext cache statistics: [DefaultContextCache@329b4b8b size = 1, maxSize = 32, parentContextCount = 0, hitCount = 260, missCount = 1]
14:49:04.568 [Test worker] DEBUG org.springframework.test.context.support.DependencyInjectionTestExecutionListener - Performing dependency injection for test class com.joango.BookingServiceIntegrationTest
14:49:04.568 [Test worker] DEBUG org.springframework.test.context.cache - Spring test ApplicationContext cache statistics: [DefaultContextCache@329b4b8b size = 1, maxSize = 32, parentContextCount = 0, hitCount = 261, missCount = 1]
14:49:04.568 [Test worker] DEBUG org.springframework.test.context.cache - Spring test ApplicationContext cache statistics: [DefaultContextCache@329b4b8b size = 1, maxSize = 32, parentContextCount = 0, hitCount = 262, missCount = 1]
14:49:04.568 [Test worker] DEBUG org.springframework.test.context.cache - Spring test ApplicationContext cache statistics: [DefaultContextCache@329b4b8b size = 1, maxSize = 32, parentContextCount = 0, hitCount = 263, missCount = 1]
14:49:04.568 [Test worker] DEBUG org.springframework.test.context.support.AbstractDirtiesContextTestExecutionListener - Before test method: class [BookingServiceIntegrationTest], method [getTicketsByUser], class annotated with @DirtiesContext [false] with mode [null], method annotated with @DirtiesContext [false] with mode [null]
14:49:04.568 [Test worker] DEBUG org.springframework.test.context.cache - Spring test ApplicationContext cache statistics: [DefaultContextCache@329b4b8b size = 1, maxSize = 32, parentContextCount = 0, hitCount = 264, missCount = 1]
14:49:04.568 [Test worker] DEBUG org.springframework.test.context.cache - Spring test ApplicationContext cache statistics: [DefaultContextCache@329b4b8b size = 1, maxSize = 32, parentContextCount = 0, hitCount = 265, missCount = 1]
14:49:04.568 [Test worker] DEBUG org.springframework.test.context.cache - Spring test ApplicationContext cache statistics: [DefaultContextCache@329b4b8b size = 1, maxSize = 32, parentContextCount = 0, hitCount = 266, missCount = 1]
14:49:04.569 [Test worker] DEBUG org.springframework.orm.jpa.JpaTransactionManager - Creating new transaction with name [org.springframework.data.jpa.repository.support.SimpleJpaRepository.findById]: PROPAGATION_REQUIRED,ISOLATION_DEFAULT,readOnly
14:49:04.569 [Test worker] DEBUG org.springframework.orm.jpa.JpaTransactionManager - Opened new EntityManager [SessionImpl(1766423094<open>)] for JPA transaction
14:49:04.569 [Test worker] DEBUG org.springframework.jdbc.datasource.DataSourceUtils - Setting JDBC Connection [HikariProxyConnection@1233095243 wrapping conn0: url=jdbc:h2:mem:testdb user=SA] read-only
14:49:04.569 [Test worker] DEBUG org.hibernate.engine.transaction.internal.TransactionImpl - On TransactionImpl creation, JpaCompliance#isJpaTransactionComplianceEnabled == false
14:49:04.569 [Test worker] DEBUG org.hibernate.engine.transaction.internal.TransactionImpl - begin
14:49:04.569 [Test worker] DEBUG org.springframework.orm.jpa.JpaTransactionManager - Exposing JPA transaction as JDBC [org.springframework.orm.jpa.vendor.HibernateJpaDialect$HibernateConnectionHandle@6d952747]
14:49:04.569 [Test worker] DEBUG org.hibernate.orm.sql.exec - Skipping reading Query result cache data: cache-enabled = false, cache-mode = IGNORE
14:49:04.569 [Test worker] DEBUG org.hibernate.orm.results - Initializer list
14:49:04.569 [Test worker] DEBUG org.hibernate.orm.results -     com.joango.model.User.userAccount -> EntityJoinedFetchInitializer(com.joango.model.User.userAccount)@667744280 (ToOneAttributeMapping(NavigableRole[com.joango.model.User.userAccount])@1494592361)
14:49:04.569 [Test worker] DEBUG org.hibernate.orm.results -     com.joango.model.User -> EntityResultInitializer(com.joango.model.User)@100052509 (SingleTableEntityPersister(com.joango.model.User))
14:49:04.569 [Test worker] DEBUG org.hibernate.SQL - select u1_0.id,u1_0.email,u1_0.name,u2_0.id,u2_0.user_balance from user u1_0 left join user_account u2_0 on u1_0.id=u2_0.user_id where u1_0.id=?
Hibernate: select u1_0.id,u1_0.email,u1_0.name,u2_0.id,u2_0.user_balance from user u1_0 left join user_account u2_0 on u1_0.id=u2_0.user_id where u1_0.id=?
14:49:04.569 [Test worker] DEBUG org.hibernate.orm.results - Extracted JDBC value [3] - [1]
14:49:04.569 [Test worker] DEBUG org.hibernate.orm.results.loading.entity - (EntityJoinedFetchInitializer) Hydrated EntityKey (com.joango.model.User.userAccount): 1
14:49:04.569 [Test worker] DEBUG org.hibernate.orm.results.loading.entity - (EntityResultInitializer) Hydrated EntityKey (com.joango.model.User): 1
14:49:04.569 [Test worker] DEBUG org.hibernate.orm.results.loading.entity - (EntityJoinedFetchInitializer) Created new entity instance [com.joango.model.User.userAccount#1] : UserAccount(id=1, userBalance=null, user=null)
14:49:04.569 [Test worker] DEBUG org.hibernate.orm.results.loading.entity - (EntityResultInitializer) Created new entity instance [com.joango.model.User#1] : User(id=1, name=null, email=null, userAccount=null)
14:49:04.569 [Test worker] DEBUG org.hibernate.orm.results - Extracted JDBC value [4] - [10000]
14:49:04.569 [Test worker] DEBUG org.hibernate.orm.results.loading.entity - (EntityJoinedFetchInitializer) Done materializing entityInstance : com.joango.model.User.userAccount#1
14:49:04.569 [Test worker] DEBUG org.hibernate.orm.results - Extracted JDBC value [1] - [dictum@icloud.com]
14:49:04.569 [Test worker] DEBUG org.hibernate.orm.results - Extracted JDBC value [2] - [Lewis Burton]
14:49:04.570 [Test worker] DEBUG org.hibernate.orm.results.loading.entity - (EntityJoinedFetchInitializer) Found existing loading entry [com.joango.model.User.userAccount#1] - using loading instance
14:49:04.570 [Test worker] DEBUG org.hibernate.orm.results.loading.entity - (EntityResultInitializer) Done materializing entityInstance : com.joango.model.User#1
14:49:04.570 [Test worker] DEBUG org.hibernate.orm.results.loading - Calling top-level assembler (0 / 1) : org.hibernate.sql.results.graph.entity.internal.EntityAssembler@67e255cf
14:49:04.570 [Test worker] DEBUG org.hibernate.orm.results.loading.entity - (EntityResultInitializer) Found existing loading entry [com.joango.model.User#1] - using loading instance
14:49:04.570 [Test worker] DEBUG org.springframework.orm.jpa.JpaTransactionManager - Initiating transaction commit
14:49:04.570 [Test worker] DEBUG org.springframework.orm.jpa.JpaTransactionManager - Committing JPA transaction on EntityManager [SessionImpl(1766423094<open>)]
14:49:04.570 [Test worker] DEBUG org.hibernate.engine.transaction.internal.TransactionImpl - committing
14:49:04.570 [Test worker] DEBUG org.springframework.jdbc.datasource.DataSourceUtils - Resetting read-only flag of JDBC Connection [HikariProxyConnection@1233095243 wrapping conn0: url=jdbc:h2:mem:testdb user=SA]
14:49:04.570 [Test worker] DEBUG org.springframework.orm.jpa.JpaTransactionManager - Closing JPA EntityManager [SessionImpl(1766423094<open>)] after transaction
14:49:04.570 [Test worker] DEBUG org.springframework.orm.jpa.SharedEntityManagerCreator$SharedEntityManagerInvocationHandler - Creating new EntityManager for shared EntityManager invocation
14:49:04.570 [Test worker] DEBUG org.hibernate.orm.sql.ast.create - Created new SQL alias : t1_0
14:49:04.570 [Test worker] DEBUG org.hibernate.orm.sql.ast.create - Registration of TableGroup [StandardTableGroup(com.joango.model.Ticket(320504002306208))] with identifierForTableGroup [com.joango.model.Ticket] for NavigablePath [com.joango.model.Ticket] 
14:49:04.570 [Test worker] DEBUG org.hibernate.query.sqm.sql.BaseSqmToSqlAstConverter - Determining mapping-model type for SqmParameter : org.hibernate.query.sqm.tree.expression.SqmJpaCriteriaParameterWrapper@1bb90d4d
14:49:04.570 [Test worker] DEBUG org.hibernate.query.sqm.sql.BaseSqmToSqlAstConverter - Determining mapping-model type for SqmPath : SqmBasicValuedSimplePath(com.joango.model.Ticket(320504002306208).userId) 
14:49:04.570 [Test worker] DEBUG org.hibernate.orm.results.graph.AST - DomainResult Graph:
 \-EntityResultImpl [com.joango.model.Ticket(320504002306208)]
 |  +-BasicFetch [com.joango.model.Ticket(320504002306208).category]
 |  +-BasicFetch [com.joango.model.Ticket(320504002306208).eventId]
 |  +-BasicFetch [com.joango.model.Ticket(320504002306208).place]
 |  \-BasicFetch [com.joango.model.Ticket(320504002306208).userId]

14:49:04.570 [Test worker] DEBUG org.hibernate.orm.sql.ast.tree - SQL AST Tree:%n    SelectStatement {
      FromClause {
        StandardTableGroup (t1 : com.joango.model.Ticket(320504002306208)) {
          primaryTableReference : ticket as t1_0
        }
      }
    }

14:49:04.570 [Test worker] DEBUG org.hibernate.orm.sql.exec - Skipping reading Query result cache data: cache-enabled = false, cache-mode = NORMAL
14:49:04.570 [Test worker] DEBUG org.hibernate.orm.results - Initializer list
14:49:04.570 [Test worker] DEBUG org.hibernate.orm.results -     com.joango.model.Ticket(320504002306208) -> EntityResultInitializer(com.joango.model.Ticket(320504002306208))@484063853 (SingleTableEntityPersister(com.joango.model.Ticket))
14:49:04.570 [Test worker] DEBUG org.hibernate.SQL - select t1_0.id,t1_0.category,t1_0.event_id,t1_0.place,t1_0.user_id from ticket t1_0 where t1_0.user_id=?
Hibernate: select t1_0.id,t1_0.category,t1_0.event_id,t1_0.place,t1_0.user_id from ticket t1_0 where t1_0.user_id=?
14:49:04.571 [Test worker] DEBUG org.springframework.test.context.cache - Spring test ApplicationContext cache statistics: [DefaultContextCache@329b4b8b size = 1, maxSize = 32, parentContextCount = 0, hitCount = 267, missCount = 1]
14:49:04.571 [Test worker] DEBUG org.springframework.test.context.cache - Spring test ApplicationContext cache statistics: [DefaultContextCache@329b4b8b size = 1, maxSize = 32, parentContextCount = 0, hitCount = 268, missCount = 1]
14:49:04.571 [Test worker] DEBUG org.springframework.test.context.cache - Spring test ApplicationContext cache statistics: [DefaultContextCache@329b4b8b size = 1, maxSize = 32, parentContextCount = 0, hitCount = 269, missCount = 1]
14:49:04.571 [Test worker] DEBUG org.springframework.test.context.cache - Spring test ApplicationContext cache statistics: [DefaultContextCache@329b4b8b size = 1, maxSize = 32, parentContextCount = 0, hitCount = 270, missCount = 1]
14:49:04.571 [Test worker] DEBUG org.springframework.test.context.cache - Spring test ApplicationContext cache statistics: [DefaultContextCache@329b4b8b size = 1, maxSize = 32, parentContextCount = 0, hitCount = 271, missCount = 1]
14:49:04.572 [Test worker] DEBUG org.springframework.test.context.cache - Spring test ApplicationContext cache statistics: [DefaultContextCache@329b4b8b size = 1, maxSize = 32, parentContextCount = 0, hitCount = 272, missCount = 1]
14:49:04.572 [Test worker] DEBUG org.springframework.test.context.support.AbstractDirtiesContextTestExecutionListener - After test method: class [BookingServiceIntegrationTest], method [getTicketsByUser], class annotated with @DirtiesContext [false] with mode [null], method annotated with @DirtiesContext [false] with mode [null]
14:49:04.572 [Test worker] DEBUG org.springframework.test.context.cache - Spring test ApplicationContext cache statistics: [DefaultContextCache@329b4b8b size = 1, maxSize = 32, parentContextCount = 0, hitCount = 273, missCount = 1]
14:49:04.572 [Test worker] DEBUG org.springframework.test.context.support.AbstractDirtiesContextTestExecutionListener - After test class: class [BookingServiceIntegrationTest], class annotated with @DirtiesContext [false] with mode [null]
]]></system-out>
  <system-err><![CDATA[]]></system-err>
</testsuite>
